The target system is: Linux -  - corei7-64
The host system is: Linux - 5.11.0-25-generic - x86_64
Compiling the C compiler identification source file "CMakeCCompilerId.c" succeeded.
Compiler: /home/boron/Documents/agl-app/agl-sdk-custom-image/sysroots/x86_64-aglsdk-linux/usr/bin/x86_64-agl-linux/x86_64-agl-linux-gcc -march=corei7;-mtune=corei7;-mfpmath=sse;-msse4.2;-fstack-protector-strong;-D_FORTIFY_SOURCE=2;-Wformat;-Wformat-security;-Werror=format-security;--sysroot=/home/boron/Documents/agl-app/agl-sdk-custom-image/sysroots/corei7-64-agl-linux
Build flags: ;-O2;-pipe;-g;-feliminate-unused-debug-types;
Id flags:  

The output was:
0


Compilation of the C compiler identification source "CMakeCCompilerId.c" produced "a.out"

The C compiler identification is GNU, found in "/home/boron/Documents/agl-app/agl-liq-build/build/CMakeFiles/3.16.5/CompilerIdC/a.out"

Compiling the CXX compiler identification source file "CMakeCXXCompilerId.cpp" succeeded.
Compiler: /home/boron/Documents/agl-app/agl-sdk-custom-image/sysroots/x86_64-aglsdk-linux/usr/bin/x86_64-agl-linux/x86_64-agl-linux-g++ -march=corei7;-mtune=corei7;-mfpmath=sse;-msse4.2;-fstack-protector-strong;-D_FORTIFY_SOURCE=2;-Wformat;-Wformat-security;-Werror=format-security;--sysroot=/home/boron/Documents/agl-app/agl-sdk-custom-image/sysroots/corei7-64-agl-linux
Build flags: ;-O2;-pipe;-g;-feliminate-unused-debug-types;
Id flags:  

The output was:
0


Compilation of the CXX compiler identification source "CMakeCXXCompilerId.cpp" produced "a.out"

The CXX compiler identification is GNU, found in "/home/boron/Documents/agl-app/agl-liq-build/build/CMakeFiles/3.16.5/CompilerIdCXX/a.out"

Determining if the C compiler works passed with the following output:
Change Dir: /home/boron/Documents/agl-app/agl-liq-build/build/CMakeFiles/CMakeTmp

Run Build Command(s):/usr/bin/make cmTC_9e671/fast && /usr/bin/make -f CMakeFiles/cmTC_9e671.dir/build.make CMakeFiles/cmTC_9e671.dir/build
make[1]: Entering directory '/home/boron/Documents/agl-app/agl-liq-build/build/CMakeFiles/CMakeTmp'
Building C object CMakeFiles/cmTC_9e671.dir/testCCompiler.c.o
/home/boron/Documents/agl-app/agl-sdk-custom-image/sysroots/x86_64-aglsdk-linux/usr/bin/x86_64-agl-linux/x86_64-agl-linux-gcc   -march=corei7 -mtune=corei7 -mfpmath=sse -msse4.2 -fstack-protector-strong  -D_FORTIFY_SOURCE=2 -Wformat -Wformat-security -Werror=format-security --sysroot=/home/boron/Documents/agl-app/agl-sdk-custom-image/sysroots/corei7-64-agl-linux --sysroot=/home/boron/Documents/agl-app/agl-sdk-custom-image/sysroots/corei7-64-agl-linux   -O2 -pipe -g -feliminate-unused-debug-types     -o CMakeFiles/cmTC_9e671.dir/testCCompiler.c.o   -c /home/boron/Documents/agl-app/agl-liq-build/build/CMakeFiles/CMakeTmp/testCCompiler.c
Linking C executable cmTC_9e671
/home/boron/Documents/agl-app/agl-sdk-custom-image/sysroots/x86_64-aglsdk-linux/usr/bin/cmake -E cmake_link_script CMakeFiles/cmTC_9e671.dir/link.txt --verbose=1
/home/boron/Documents/agl-app/agl-sdk-custom-image/sysroots/x86_64-aglsdk-linux/usr/bin/x86_64-agl-linux/x86_64-agl-linux-gcc   -march=corei7 -mtune=corei7 -mfpmath=sse -msse4.2 -fstack-protector-strong  -D_FORTIFY_SOURCE=2 -Wformat -Wformat-security -Werror=format-security --sysroot=/home/boron/Documents/agl-app/agl-sdk-custom-image/sysroots/corei7-64-agl-linux --sysroot=/home/boron/Documents/agl-app/agl-sdk-custom-image/sysroots/corei7-64-agl-linux  -O2 -pipe -g -feliminate-unused-debug-types    -Wl,-O1 -Wl,--hash-style=gnu -Wl,--as-needed -fstack-protector-strong -Wl,-z,relro,-z,now  -rdynamic CMakeFiles/cmTC_9e671.dir/testCCompiler.c.o  -o cmTC_9e671 
make[1]: Leaving directory '/home/boron/Documents/agl-app/agl-liq-build/build/CMakeFiles/CMakeTmp'



Detecting C compiler ABI info compiled with the following output:
Change Dir: /home/boron/Documents/agl-app/agl-liq-build/build/CMakeFiles/CMakeTmp

Run Build Command(s):/usr/bin/make cmTC_1d6c5/fast && /usr/bin/make -f CMakeFiles/cmTC_1d6c5.dir/build.make CMakeFiles/cmTC_1d6c5.dir/build
make[1]: Entering directory '/home/boron/Documents/agl-app/agl-liq-build/build/CMakeFiles/CMakeTmp'
Building C object CMakeFiles/cmTC_1d6c5.dir/CMakeCCompilerABI.c.o
/home/boron/Documents/agl-app/agl-sdk-custom-image/sysroots/x86_64-aglsdk-linux/usr/bin/x86_64-agl-linux/x86_64-agl-linux-gcc   -march=corei7 -mtune=corei7 -mfpmath=sse -msse4.2 -fstack-protector-strong  -D_FORTIFY_SOURCE=2 -Wformat -Wformat-security -Werror=format-security --sysroot=/home/boron/Documents/agl-app/agl-sdk-custom-image/sysroots/corei7-64-agl-linux --sysroot=/home/boron/Documents/agl-app/agl-sdk-custom-image/sysroots/corei7-64-agl-linux   -O2 -pipe -g -feliminate-unused-debug-types     -v -o CMakeFiles/cmTC_1d6c5.dir/CMakeCCompilerABI.c.o   -c /home/boron/Documents/agl-app/agl-sdk-custom-image/sysroots/x86_64-aglsdk-linux/usr/share/cmake-3.16/Modules/CMakeCCompilerABI.c
Using built-in specs.
COLLECT_GCC=/home/boron/Documents/agl-app/agl-sdk-custom-image/sysroots/x86_64-aglsdk-linux/usr/bin/x86_64-agl-linux/x86_64-agl-linux-gcc
Target: x86_64-agl-linux
Configured with: ../../../../../../work-shared/gcc-9.3.0-r0/gcc-9.3.0/configure --build=x86_64-linux --host=x86_64-aglsdk-linux --target=x86_64-agl-linux --prefix=/opt/agl-sdk/11.91.0+snapshot-corei7-64/sysroots/x86_64-aglsdk-linux/usr --exec_prefix=/opt/agl-sdk/11.91.0+snapshot-corei7-64/sysroots/x86_64-aglsdk-linux/usr --bindir=/opt/agl-sdk/11.91.0+snapshot-corei7-64/sysroots/x86_64-aglsdk-linux/usr/bin/x86_64-agl-linux --sbindir=/opt/agl-sdk/11.91.0+snapshot-corei7-64/sysroots/x86_64-aglsdk-linux/usr/bin/x86_64-agl-linux --libexecdir=/opt/agl-sdk/11.91.0+snapshot-corei7-64/sysroots/x86_64-aglsdk-linux/usr/libexec/x86_64-agl-linux --datadir=/opt/agl-sdk/11.91.0+snapshot-corei7-64/sysroots/x86_64-aglsdk-linux/usr/share --sysconfdir=/opt/agl-sdk/11.91.0+snapshot-corei7-64/sysroots/x86_64-aglsdk-linux/etc --sharedstatedir=/opt/agl-sdk/11.91.0+snapshot-corei7-64/sysroots/x86_64-aglsdk-linux/com --localstatedir=/opt/agl-sdk/11.91.0+snapshot-corei7-64/sysroots/x86_64-aglsdk-linux/var --libdir=/opt/agl-sdk/11.91.0+snapshot-corei7-64/sysroots/x86_64-aglsdk-linux/usr/lib/x86_64-agl-linux --includedir=/opt/agl-sdk/11.91.0+snapshot-corei7-64/sysroots/x86_64-aglsdk-linux/usr/include --oldincludedir=/opt/agl-sdk/11.91.0+snapshot-corei7-64/sysroots/x86_64-aglsdk-linux/usr/include --infodir=/opt/agl-sdk/11.91.0+snapshot-corei7-64/sysroots/x86_64-aglsdk-linux/usr/share/info --mandir=/opt/agl-sdk/11.91.0+snapshot-corei7-64/sysroots/x86_64-aglsdk-linux/usr/share/man --disable-silent-rules --disable-dependency-tracking --with-libtool-sysroot=/home/boron/AGL/master/new-build-x86-meta-ros-weston-agl-ros2-ydlidar-qt/tmp/work/x86_64-nativesdk-aglsdk-linux/gcc-cross-canadian-x86-64/9.3.0-r0/recipe-sysroot --with-gnu-ld --enable-shared --enable-languages=c,c++,fortran --enable-threads=posix --enable-multilib --enable-default-pie --enable-c99 --enable-long-long --enable-symvers=gnu --enable-libstdcxx-pch --program-prefix=x86_64-agl-linux- --without-local-prefix --disable-install-libiberty --enable-lto --disable-libssp --enable-libitm --disable-bootstrap --disable-libmudflap --with-system-zlib --with-linker-hash-style=gnu --enable-linker-build-id --with-ppl=no --with-cloog=no --enable-checking=release --enable-cheaders=c_global --without-isl --with-gxx-include-dir=/not/exist/usr/include/c++/9.3.0 --with-build-time-tools=/home/boron/AGL/master/new-build-x86-meta-ros-weston-agl-ros2-ydlidar-qt/tmp/work/x86_64-nativesdk-aglsdk-linux/gcc-cross-canadian-x86-64/9.3.0-r0/recipe-sysroot-native/usr/x86_64-agl-linux/bin --with-sysroot=/not/exist --with-build-sysroot=/home/boron/AGL/master/new-build-x86-meta-ros-weston-agl-ros2-ydlidar-qt/tmp/work/x86_64-nativesdk-aglsdk-linux/gcc-cross-canadian-x86-64/9.3.0-r0/recipe-sysroot --enable-poison-system-directories --disable-static --enable-nls --with-glibc-version=2.28 --enable-initfini-array --enable-__cxa_atexit
Thread model: posix
gcc version 9.3.0 (GCC) 
COLLECT_GCC_OPTIONS='--sysroot=/home/boron/Documents/agl-app/agl-sdk-custom-image/sysroots/corei7-64-agl-linux' '-march=corei7' '-mtune=corei7' '-mfpmath=sse' '-msse4.2' '-fstack-protector-strong' '-D' '_FORTIFY_SOURCE=2' '-Wformat=1' '-Wformat-security' '-Werror=format-security' '-O2' '-pipe' '-g' '-feliminate-unused-debug-types' '-v' '-o' 'CMakeFiles/cmTC_1d6c5.dir/CMakeCCompilerABI.c.o' '-c'
 /home/boron/Documents/agl-app/agl-sdk-custom-image/sysroots/x86_64-aglsdk-linux/usr/libexec/x86_64-agl-linux/gcc/x86_64-agl-linux/9.3.0/cc1 -quiet -v -isysroot /home/boron/Documents/agl-app/agl-sdk-custom-image/sysroots/corei7-64-agl-linux -D _FORTIFY_SOURCE=2 /home/boron/Documents/agl-app/agl-sdk-custom-image/sysroots/x86_64-aglsdk-linux/usr/share/cmake-3.16/Modules/CMakeCCompilerABI.c -quiet -dumpbase CMakeCCompilerABI.c -march=corei7 -mtune=corei7 -mfpmath=sse -msse4.2 -auxbase-strip CMakeFiles/cmTC_1d6c5.dir/CMakeCCompilerABI.c.o -g -O2 -Wformat=1 -Wformat-security -Werror=format-security -version -fstack-protector-strong -feliminate-unused-debug-types -o - |
 /home/boron/Documents/agl-app/agl-sdk-custom-image/sysroots/x86_64-aglsdk-linux/usr/libexec/x86_64-agl-linux/gcc/x86_64-agl-linux/9.3.0/as -v --64 -o CMakeFiles/cmTC_1d6c5.dir/CMakeCCompilerABI.c.o
GNU C17 (GCC) version 9.3.0 (x86_64-agl-linux)
	compiled by GNU C version 9.3.0, GMP version 6.2.0, MPFR version 4.0.2, MPC version 1.1.0, isl version none
GGC heuristics: --param ggc-min-expand=100 --param ggc-min-heapsize=131072
ignoring nonexistent directory "/home/boron/Documents/agl-app/agl-sdk-custom-image/sysroots/corei7-64-agl-linux/usr/local/include"
ignoring nonexistent directory "/home/boron/Documents/agl-app/agl-sdk-custom-image/sysroots/x86_64-aglsdk-linux/usr/lib/x86_64-agl-linux/gcc/x86_64-agl-linux/9.3.0/../../../../../x86_64-agl-linux/include"
#include "..." search starts here:
#include <...> search starts here:
 /home/boron/Documents/agl-app/agl-sdk-custom-image/sysroots/x86_64-aglsdk-linux/usr/lib/x86_64-agl-linux/gcc/x86_64-agl-linux/9.3.0/include
 /home/boron/Documents/agl-app/agl-sdk-custom-image/sysroots/corei7-64-agl-linux/usr/lib/x86_64-agl-linux/9.3.0/include
 /home/boron/Documents/agl-app/agl-sdk-custom-image/sysroots/x86_64-aglsdk-linux/usr/lib/x86_64-agl-linux/gcc/x86_64-agl-linux/9.3.0/include-fixed
 /home/boron/Documents/agl-app/agl-sdk-custom-image/sysroots/corei7-64-agl-linux/usr/include/
End of search list.
GNU C17 (GCC) version 9.3.0 (x86_64-agl-linux)
	compiled by GNU C version 9.3.0, GMP version 6.2.0, MPFR version 4.0.2, MPC version 1.1.0, isl version none
GGC heuristics: --param ggc-min-expand=100 --param ggc-min-heapsize=131072
Compiler executable checksum: 9fd9bcf7f3063c895df31ad6107b5c74
GNU assembler version 2.34.0 (x86_64-agl-linux) using BFD version (GNU Binutils) 2.34.0.20200220
COMPILER_PATH=/home/boron/Documents/agl-app/agl-sdk-custom-image/sysroots/x86_64-aglsdk-linux/usr/libexec/x86_64-agl-linux/gcc/x86_64-agl-linux/9.3.0/:/home/boron/Documents/agl-app/agl-sdk-custom-image/sysroots/x86_64-aglsdk-linux/usr/libexec/x86_64-agl-linux/gcc/x86_64-agl-linux/9.3.0/:/home/boron/Documents/agl-app/agl-sdk-custom-image/sysroots/x86_64-aglsdk-linux/usr/libexec/x86_64-agl-linux/gcc/x86_64-agl-linux/:/home/boron/Documents/agl-app/agl-sdk-custom-image/sysroots/x86_64-aglsdk-linux/usr/lib/x86_64-agl-linux/gcc/x86_64-agl-linux/9.3.0/:/home/boron/Documents/agl-app/agl-sdk-custom-image/sysroots/x86_64-aglsdk-linux/usr/lib/x86_64-agl-linux/gcc/x86_64-agl-linux/
LIBRARY_PATH=/home/boron/Documents/agl-app/agl-sdk-custom-image/sysroots/x86_64-aglsdk-linux/usr/lib/x86_64-agl-linux/gcc/x86_64-agl-linux/9.3.0/:/home/boron/Documents/agl-app/agl-sdk-custom-image/sysroots/corei7-64-agl-linux/lib/../lib/:/home/boron/Documents/agl-app/agl-sdk-custom-image/sysroots/corei7-64-agl-linux/usr/lib/../lib/x86_64-agl-linux/9.3.0/:/home/boron/Documents/agl-app/agl-sdk-custom-image/sysroots/corei7-64-agl-linux/usr/lib/x86_64-agl-linux/9.3.0/:/home/boron/Documents/agl-app/agl-sdk-custom-image/sysroots/corei7-64-agl-linux/usr/lib/../lib/:/home/boron/Documents/agl-app/agl-sdk-custom-image/sysroots/corei7-64-agl-linux/lib/:/home/boron/Documents/agl-app/agl-sdk-custom-image/sysroots/corei7-64-agl-linux/usr/lib/
COLLECT_GCC_OPTIONS='--sysroot=/home/boron/Documents/agl-app/agl-sdk-custom-image/sysroots/corei7-64-agl-linux' '-march=corei7' '-mtune=corei7' '-mfpmath=sse' '-msse4.2' '-fstack-protector-strong' '-D' '_FORTIFY_SOURCE=2' '-Wformat=1' '-Wformat-security' '-Werror=format-security' '-O2' '-pipe' '-g' '-feliminate-unused-debug-types' '-v' '-o' 'CMakeFiles/cmTC_1d6c5.dir/CMakeCCompilerABI.c.o' '-c'
Linking C executable cmTC_1d6c5
/home/boron/Documents/agl-app/agl-sdk-custom-image/sysroots/x86_64-aglsdk-linux/usr/bin/cmake -E cmake_link_script CMakeFiles/cmTC_1d6c5.dir/link.txt --verbose=1
/home/boron/Documents/agl-app/agl-sdk-custom-image/sysroots/x86_64-aglsdk-linux/usr/bin/x86_64-agl-linux/x86_64-agl-linux-gcc   -march=corei7 -mtune=corei7 -mfpmath=sse -msse4.2 -fstack-protector-strong  -D_FORTIFY_SOURCE=2 -Wformat -Wformat-security -Werror=format-security --sysroot=/home/boron/Documents/agl-app/agl-sdk-custom-image/sysroots/corei7-64-agl-linux --sysroot=/home/boron/Documents/agl-app/agl-sdk-custom-image/sysroots/corei7-64-agl-linux  -O2 -pipe -g -feliminate-unused-debug-types    -Wl,-O1 -Wl,--hash-style=gnu -Wl,--as-needed -fstack-protector-strong -Wl,-z,relro,-z,now -v -rdynamic CMakeFiles/cmTC_1d6c5.dir/CMakeCCompilerABI.c.o  -o cmTC_1d6c5 
Using built-in specs.
COLLECT_GCC=/home/boron/Documents/agl-app/agl-sdk-custom-image/sysroots/x86_64-aglsdk-linux/usr/bin/x86_64-agl-linux/x86_64-agl-linux-gcc
COLLECT_LTO_WRAPPER=/home/boron/Documents/agl-app/agl-sdk-custom-image/sysroots/x86_64-aglsdk-linux/usr/libexec/x86_64-agl-linux/gcc/x86_64-agl-linux/9.3.0/lto-wrapper
Target: x86_64-agl-linux
Configured with: ../../../../../../work-shared/gcc-9.3.0-r0/gcc-9.3.0/configure --build=x86_64-linux --host=x86_64-aglsdk-linux --target=x86_64-agl-linux --prefix=/opt/agl-sdk/11.91.0+snapshot-corei7-64/sysroots/x86_64-aglsdk-linux/usr --exec_prefix=/opt/agl-sdk/11.91.0+snapshot-corei7-64/sysroots/x86_64-aglsdk-linux/usr --bindir=/opt/agl-sdk/11.91.0+snapshot-corei7-64/sysroots/x86_64-aglsdk-linux/usr/bin/x86_64-agl-linux --sbindir=/opt/agl-sdk/11.91.0+snapshot-corei7-64/sysroots/x86_64-aglsdk-linux/usr/bin/x86_64-agl-linux --libexecdir=/opt/agl-sdk/11.91.0+snapshot-corei7-64/sysroots/x86_64-aglsdk-linux/usr/libexec/x86_64-agl-linux --datadir=/opt/agl-sdk/11.91.0+snapshot-corei7-64/sysroots/x86_64-aglsdk-linux/usr/share --sysconfdir=/opt/agl-sdk/11.91.0+snapshot-corei7-64/sysroots/x86_64-aglsdk-linux/etc --sharedstatedir=/opt/agl-sdk/11.91.0+snapshot-corei7-64/sysroots/x86_64-aglsdk-linux/com --localstatedir=/opt/agl-sdk/11.91.0+snapshot-corei7-64/sysroots/x86_64-aglsdk-linux/var --libdir=/opt/agl-sdk/11.91.0+snapshot-corei7-64/sysroots/x86_64-aglsdk-linux/usr/lib/x86_64-agl-linux --includedir=/opt/agl-sdk/11.91.0+snapshot-corei7-64/sysroots/x86_64-aglsdk-linux/usr/include --oldincludedir=/opt/agl-sdk/11.91.0+snapshot-corei7-64/sysroots/x86_64-aglsdk-linux/usr/include --infodir=/opt/agl-sdk/11.91.0+snapshot-corei7-64/sysroots/x86_64-aglsdk-linux/usr/share/info --mandir=/opt/agl-sdk/11.91.0+snapshot-corei7-64/sysroots/x86_64-aglsdk-linux/usr/share/man --disable-silent-rules --disable-dependency-tracking --with-libtool-sysroot=/home/boron/AGL/master/new-build-x86-meta-ros-weston-agl-ros2-ydlidar-qt/tmp/work/x86_64-nativesdk-aglsdk-linux/gcc-cross-canadian-x86-64/9.3.0-r0/recipe-sysroot --with-gnu-ld --enable-shared --enable-languages=c,c++,fortran --enable-threads=posix --enable-multilib --enable-default-pie --enable-c99 --enable-long-long --enable-symvers=gnu --enable-libstdcxx-pch --program-prefix=x86_64-agl-linux- --without-local-prefix --disable-install-libiberty --enable-lto --disable-libssp --enable-libitm --disable-bootstrap --disable-libmudflap --with-system-zlib --with-linker-hash-style=gnu --enable-linker-build-id --with-ppl=no --with-cloog=no --enable-checking=release --enable-cheaders=c_global --without-isl --with-gxx-include-dir=/not/exist/usr/include/c++/9.3.0 --with-build-time-tools=/home/boron/AGL/master/new-build-x86-meta-ros-weston-agl-ros2-ydlidar-qt/tmp/work/x86_64-nativesdk-aglsdk-linux/gcc-cross-canadian-x86-64/9.3.0-r0/recipe-sysroot-native/usr/x86_64-agl-linux/bin --with-sysroot=/not/exist --with-build-sysroot=/home/boron/AGL/master/new-build-x86-meta-ros-weston-agl-ros2-ydlidar-qt/tmp/work/x86_64-nativesdk-aglsdk-linux/gcc-cross-canadian-x86-64/9.3.0-r0/recipe-sysroot --enable-poison-system-directories --disable-static --enable-nls --with-glibc-version=2.28 --enable-initfini-array --enable-__cxa_atexit
Thread model: posix
gcc version 9.3.0 (GCC) 
COMPILER_PATH=/home/boron/Documents/agl-app/agl-sdk-custom-image/sysroots/x86_64-aglsdk-linux/usr/libexec/x86_64-agl-linux/gcc/x86_64-agl-linux/9.3.0/:/home/boron/Documents/agl-app/agl-sdk-custom-image/sysroots/x86_64-aglsdk-linux/usr/libexec/x86_64-agl-linux/gcc/x86_64-agl-linux/9.3.0/:/home/boron/Documents/agl-app/agl-sdk-custom-image/sysroots/x86_64-aglsdk-linux/usr/libexec/x86_64-agl-linux/gcc/x86_64-agl-linux/:/home/boron/Documents/agl-app/agl-sdk-custom-image/sysroots/x86_64-aglsdk-linux/usr/lib/x86_64-agl-linux/gcc/x86_64-agl-linux/9.3.0/:/home/boron/Documents/agl-app/agl-sdk-custom-image/sysroots/x86_64-aglsdk-linux/usr/lib/x86_64-agl-linux/gcc/x86_64-agl-linux/
LIBRARY_PATH=/home/boron/Documents/agl-app/agl-sdk-custom-image/sysroots/x86_64-aglsdk-linux/usr/lib/x86_64-agl-linux/gcc/x86_64-agl-linux/9.3.0/:/home/boron/Documents/agl-app/agl-sdk-custom-image/sysroots/corei7-64-agl-linux/lib/../lib/:/home/boron/Documents/agl-app/agl-sdk-custom-image/sysroots/corei7-64-agl-linux/usr/lib/../lib/x86_64-agl-linux/9.3.0/:/home/boron/Documents/agl-app/agl-sdk-custom-image/sysroots/corei7-64-agl-linux/usr/lib/x86_64-agl-linux/9.3.0/:/home/boron/Documents/agl-app/agl-sdk-custom-image/sysroots/corei7-64-agl-linux/usr/lib/../lib/:/home/boron/Documents/agl-app/agl-sdk-custom-image/sysroots/corei7-64-agl-linux/lib/:/home/boron/Documents/agl-app/agl-sdk-custom-image/sysroots/corei7-64-agl-linux/usr/lib/
COLLECT_GCC_OPTIONS='--sysroot=/home/boron/Documents/agl-app/agl-sdk-custom-image/sysroots/corei7-64-agl-linux' '-march=corei7' '-mtune=corei7' '-mfpmath=sse' '-msse4.2' '-fstack-protector-strong' '-D' '_FORTIFY_SOURCE=2' '-Wformat=1' '-Wformat-security' '-Werror=format-security' '-O2' '-pipe' '-g' '-feliminate-unused-debug-types' '-fstack-protector-strong' '-v' '-rdynamic' '-o' 'cmTC_1d6c5'
 /home/boron/Documents/agl-app/agl-sdk-custom-image/sysroots/x86_64-aglsdk-linux/usr/libexec/x86_64-agl-linux/gcc/x86_64-agl-linux/9.3.0/collect2 -plugin /home/boron/Documents/agl-app/agl-sdk-custom-image/sysroots/x86_64-aglsdk-linux/usr/libexec/x86_64-agl-linux/gcc/x86_64-agl-linux/9.3.0/liblto_plugin.so -plugin-opt=/home/boron/Documents/agl-app/agl-sdk-custom-image/sysroots/x86_64-aglsdk-linux/usr/libexec/x86_64-agl-linux/gcc/x86_64-agl-linux/9.3.0/lto-wrapper -plugin-opt=-fresolution=/tmp/ccfthKo2.res -plugin-opt=-pass-through=-lgcc -plugin-opt=-pass-through=-lgcc_s -plugin-opt=-pass-through=-lc -plugin-opt=-pass-through=-lgcc -plugin-opt=-pass-through=-lgcc_s --sysroot=/home/boron/Documents/agl-app/agl-sdk-custom-image/sysroots/corei7-64-agl-linux --build-id --eh-frame-hdr --hash-style=gnu -m elf_x86_64 -export-dynamic -dynamic-linker /lib/ld-linux-x86-64.so.2 -pie -o cmTC_1d6c5 /home/boron/Documents/agl-app/agl-sdk-custom-image/sysroots/corei7-64-agl-linux/usr/lib/../lib/Scrt1.o /home/boron/Documents/agl-app/agl-sdk-custom-image/sysroots/corei7-64-agl-linux/usr/lib/../lib/crti.o /home/boron/Documents/agl-app/agl-sdk-custom-image/sysroots/corei7-64-agl-linux/usr/lib/../lib/x86_64-agl-linux/9.3.0/crtbeginS.o -L/home/boron/Documents/agl-app/agl-sdk-custom-image/sysroots/x86_64-aglsdk-linux/usr/lib/x86_64-agl-linux/gcc/x86_64-agl-linux/9.3.0 -L/home/boron/Documents/agl-app/agl-sdk-custom-image/sysroots/corei7-64-agl-linux/lib/../lib -L/home/boron/Documents/agl-app/agl-sdk-custom-image/sysroots/corei7-64-agl-linux/usr/lib/../lib/x86_64-agl-linux/9.3.0 -L/home/boron/Documents/agl-app/agl-sdk-custom-image/sysroots/corei7-64-agl-linux/usr/lib/x86_64-agl-linux/9.3.0 -L/home/boron/Documents/agl-app/agl-sdk-custom-image/sysroots/corei7-64-agl-linux/usr/lib/../lib -L/home/boron/Documents/agl-app/agl-sdk-custom-image/sysroots/corei7-64-agl-linux/lib -L/home/boron/Documents/agl-app/agl-sdk-custom-image/sysroots/corei7-64-agl-linux/usr/lib -O1 --hash-style=gnu --as-needed -z relro -z now CMakeFiles/cmTC_1d6c5.dir/CMakeCCompilerABI.c.o -lgcc --push-state --as-needed -lgcc_s --pop-state -lc -lgcc --push-state --as-needed -lgcc_s --pop-state /home/boron/Documents/agl-app/agl-sdk-custom-image/sysroots/corei7-64-agl-linux/usr/lib/../lib/x86_64-agl-linux/9.3.0/crtendS.o /home/boron/Documents/agl-app/agl-sdk-custom-image/sysroots/corei7-64-agl-linux/usr/lib/../lib/crtn.o
COLLECT_GCC_OPTIONS='--sysroot=/home/boron/Documents/agl-app/agl-sdk-custom-image/sysroots/corei7-64-agl-linux' '-march=corei7' '-mtune=corei7' '-mfpmath=sse' '-msse4.2' '-fstack-protector-strong' '-D' '_FORTIFY_SOURCE=2' '-Wformat=1' '-Wformat-security' '-Werror=format-security' '-O2' '-pipe' '-g' '-feliminate-unused-debug-types' '-fstack-protector-strong' '-v' '-rdynamic' '-o' 'cmTC_1d6c5'
make[1]: Leaving directory '/home/boron/Documents/agl-app/agl-liq-build/build/CMakeFiles/CMakeTmp'



Parsed C implicit include dir info from above output: rv=done
  found start of include info
  found start of implicit include info
    add: [/home/boron/Documents/agl-app/agl-sdk-custom-image/sysroots/x86_64-aglsdk-linux/usr/lib/x86_64-agl-linux/gcc/x86_64-agl-linux/9.3.0/include]
    add: [/home/boron/Documents/agl-app/agl-sdk-custom-image/sysroots/corei7-64-agl-linux/usr/lib/x86_64-agl-linux/9.3.0/include]
    add: [/home/boron/Documents/agl-app/agl-sdk-custom-image/sysroots/x86_64-aglsdk-linux/usr/lib/x86_64-agl-linux/gcc/x86_64-agl-linux/9.3.0/include-fixed]
    add: [/home/boron/Documents/agl-app/agl-sdk-custom-image/sysroots/corei7-64-agl-linux/usr/include/]
  end of search list found
  collapse include dir [/home/boron/Documents/agl-app/agl-sdk-custom-image/sysroots/x86_64-aglsdk-linux/usr/lib/x86_64-agl-linux/gcc/x86_64-agl-linux/9.3.0/include] ==> [/home/boron/Documents/agl-app/agl-sdk-custom-image/sysroots/x86_64-aglsdk-linux/usr/lib/x86_64-agl-linux/gcc/x86_64-agl-linux/9.3.0/include]
  collapse include dir [/home/boron/Documents/agl-app/agl-sdk-custom-image/sysroots/corei7-64-agl-linux/usr/lib/x86_64-agl-linux/9.3.0/include] ==> [/home/boron/Documents/agl-app/agl-sdk-custom-image/sysroots/corei7-64-agl-linux/usr/lib/x86_64-agl-linux/9.3.0/include]
  collapse include dir [/home/boron/Documents/agl-app/agl-sdk-custom-image/sysroots/x86_64-aglsdk-linux/usr/lib/x86_64-agl-linux/gcc/x86_64-agl-linux/9.3.0/include-fixed] ==> [/home/boron/Documents/agl-app/agl-sdk-custom-image/sysroots/x86_64-aglsdk-linux/usr/lib/x86_64-agl-linux/gcc/x86_64-agl-linux/9.3.0/include-fixed]
  collapse include dir [/home/boron/Documents/agl-app/agl-sdk-custom-image/sysroots/corei7-64-agl-linux/usr/include/] ==> [/home/boron/Documents/agl-app/agl-sdk-custom-image/sysroots/corei7-64-agl-linux/usr/include]
  implicit include dirs: [/home/boron/Documents/agl-app/agl-sdk-custom-image/sysroots/x86_64-aglsdk-linux/usr/lib/x86_64-agl-linux/gcc/x86_64-agl-linux/9.3.0/include;/home/boron/Documents/agl-app/agl-sdk-custom-image/sysroots/corei7-64-agl-linux/usr/lib/x86_64-agl-linux/9.3.0/include;/home/boron/Documents/agl-app/agl-sdk-custom-image/sysroots/x86_64-aglsdk-linux/usr/lib/x86_64-agl-linux/gcc/x86_64-agl-linux/9.3.0/include-fixed;/home/boron/Documents/agl-app/agl-sdk-custom-image/sysroots/corei7-64-agl-linux/usr/include]


Parsed C implicit link information from above output:
  link line regex: [^( *|.*[/\])(x86_64-agl-linux-ld|CMAKE_LINK_STARTFILE-NOTFOUND|([^/\]+-)?ld|collect2)[^/\]*( |$)]
  ignore line: [Change Dir: /home/boron/Documents/agl-app/agl-liq-build/build/CMakeFiles/CMakeTmp]
  ignore line: []
  ignore line: [Run Build Command(s):/usr/bin/make cmTC_1d6c5/fast && /usr/bin/make -f CMakeFiles/cmTC_1d6c5.dir/build.make CMakeFiles/cmTC_1d6c5.dir/build]
  ignore line: [make[1]: Entering directory '/home/boron/Documents/agl-app/agl-liq-build/build/CMakeFiles/CMakeTmp']
  ignore line: [Building C object CMakeFiles/cmTC_1d6c5.dir/CMakeCCompilerABI.c.o]
  ignore line: [/home/boron/Documents/agl-app/agl-sdk-custom-image/sysroots/x86_64-aglsdk-linux/usr/bin/x86_64-agl-linux/x86_64-agl-linux-gcc   -march=corei7 -mtune=corei7 -mfpmath=sse -msse4.2 -fstack-protector-strong  -D_FORTIFY_SOURCE=2 -Wformat -Wformat-security -Werror=format-security --sysroot=/home/boron/Documents/agl-app/agl-sdk-custom-image/sysroots/corei7-64-agl-linux --sysroot=/home/boron/Documents/agl-app/agl-sdk-custom-image/sysroots/corei7-64-agl-linux   -O2 -pipe -g -feliminate-unused-debug-types     -v -o CMakeFiles/cmTC_1d6c5.dir/CMakeCCompilerABI.c.o   -c /home/boron/Documents/agl-app/agl-sdk-custom-image/sysroots/x86_64-aglsdk-linux/usr/share/cmake-3.16/Modules/CMakeCCompilerABI.c]
  ignore line: [Using built-in specs.]
  ignore line: [COLLECT_GCC=/home/boron/Documents/agl-app/agl-sdk-custom-image/sysroots/x86_64-aglsdk-linux/usr/bin/x86_64-agl-linux/x86_64-agl-linux-gcc]
  ignore line: [Target: x86_64-agl-linux]
  ignore line: [Configured with: ../../../../../../work-shared/gcc-9.3.0-r0/gcc-9.3.0/configure --build=x86_64-linux --host=x86_64-aglsdk-linux --target=x86_64-agl-linux --prefix=/opt/agl-sdk/11.91.0+snapshot-corei7-64/sysroots/x86_64-aglsdk-linux/usr --exec_prefix=/opt/agl-sdk/11.91.0+snapshot-corei7-64/sysroots/x86_64-aglsdk-linux/usr --bindir=/opt/agl-sdk/11.91.0+snapshot-corei7-64/sysroots/x86_64-aglsdk-linux/usr/bin/x86_64-agl-linux --sbindir=/opt/agl-sdk/11.91.0+snapshot-corei7-64/sysroots/x86_64-aglsdk-linux/usr/bin/x86_64-agl-linux --libexecdir=/opt/agl-sdk/11.91.0+snapshot-corei7-64/sysroots/x86_64-aglsdk-linux/usr/libexec/x86_64-agl-linux --datadir=/opt/agl-sdk/11.91.0+snapshot-corei7-64/sysroots/x86_64-aglsdk-linux/usr/share --sysconfdir=/opt/agl-sdk/11.91.0+snapshot-corei7-64/sysroots/x86_64-aglsdk-linux/etc --sharedstatedir=/opt/agl-sdk/11.91.0+snapshot-corei7-64/sysroots/x86_64-aglsdk-linux/com --localstatedir=/opt/agl-sdk/11.91.0+snapshot-corei7-64/sysroots/x86_64-aglsdk-linux/var --libdir=/opt/agl-sdk/11.91.0+snapshot-corei7-64/sysroots/x86_64-aglsdk-linux/usr/lib/x86_64-agl-linux --includedir=/opt/agl-sdk/11.91.0+snapshot-corei7-64/sysroots/x86_64-aglsdk-linux/usr/include --oldincludedir=/opt/agl-sdk/11.91.0+snapshot-corei7-64/sysroots/x86_64-aglsdk-linux/usr/include --infodir=/opt/agl-sdk/11.91.0+snapshot-corei7-64/sysroots/x86_64-aglsdk-linux/usr/share/info --mandir=/opt/agl-sdk/11.91.0+snapshot-corei7-64/sysroots/x86_64-aglsdk-linux/usr/share/man --disable-silent-rules --disable-dependency-tracking --with-libtool-sysroot=/home/boron/AGL/master/new-build-x86-meta-ros-weston-agl-ros2-ydlidar-qt/tmp/work/x86_64-nativesdk-aglsdk-linux/gcc-cross-canadian-x86-64/9.3.0-r0/recipe-sysroot --with-gnu-ld --enable-shared --enable-languages=c,c++,fortran --enable-threads=posix --enable-multilib --enable-default-pie --enable-c99 --enable-long-long --enable-symvers=gnu --enable-libstdcxx-pch --program-prefix=x86_64-agl-linux- --without-local-prefix --disable-install-libiberty --enable-lto --disable-libssp --enable-libitm --disable-bootstrap --disable-libmudflap --with-system-zlib --with-linker-hash-style=gnu --enable-linker-build-id --with-ppl=no --with-cloog=no --enable-checking=release --enable-cheaders=c_global --without-isl --with-gxx-include-dir=/not/exist/usr/include/c++/9.3.0 --with-build-time-tools=/home/boron/AGL/master/new-build-x86-meta-ros-weston-agl-ros2-ydlidar-qt/tmp/work/x86_64-nativesdk-aglsdk-linux/gcc-cross-canadian-x86-64/9.3.0-r0/recipe-sysroot-native/usr/x86_64-agl-linux/bin --with-sysroot=/not/exist --with-build-sysroot=/home/boron/AGL/master/new-build-x86-meta-ros-weston-agl-ros2-ydlidar-qt/tmp/work/x86_64-nativesdk-aglsdk-linux/gcc-cross-canadian-x86-64/9.3.0-r0/recipe-sysroot --enable-poison-system-directories --disable-static --enable-nls --with-glibc-version=2.28 --enable-initfini-array --enable-__cxa_atexit]
  ignore line: [Thread model: posix]
  ignore line: [gcc version 9.3.0 (GCC) ]
  ignore line: [COLLECT_GCC_OPTIONS='--sysroot=/home/boron/Documents/agl-app/agl-sdk-custom-image/sysroots/corei7-64-agl-linux' '-march=corei7' '-mtune=corei7' '-mfpmath=sse' '-msse4.2' '-fstack-protector-strong' '-D' '_FORTIFY_SOURCE=2' '-Wformat=1' '-Wformat-security' '-Werror=format-security' '-O2' '-pipe' '-g' '-feliminate-unused-debug-types' '-v' '-o' 'CMakeFiles/cmTC_1d6c5.dir/CMakeCCompilerABI.c.o' '-c']
  ignore line: [ /home/boron/Documents/agl-app/agl-sdk-custom-image/sysroots/x86_64-aglsdk-linux/usr/libexec/x86_64-agl-linux/gcc/x86_64-agl-linux/9.3.0/cc1 -quiet -v -isysroot /home/boron/Documents/agl-app/agl-sdk-custom-image/sysroots/corei7-64-agl-linux -D _FORTIFY_SOURCE=2 /home/boron/Documents/agl-app/agl-sdk-custom-image/sysroots/x86_64-aglsdk-linux/usr/share/cmake-3.16/Modules/CMakeCCompilerABI.c -quiet -dumpbase CMakeCCompilerABI.c -march=corei7 -mtune=corei7 -mfpmath=sse -msse4.2 -auxbase-strip CMakeFiles/cmTC_1d6c5.dir/CMakeCCompilerABI.c.o -g -O2 -Wformat=1 -Wformat-security -Werror=format-security -version -fstack-protector-strong -feliminate-unused-debug-types -o - |]
  ignore line: [ /home/boron/Documents/agl-app/agl-sdk-custom-image/sysroots/x86_64-aglsdk-linux/usr/libexec/x86_64-agl-linux/gcc/x86_64-agl-linux/9.3.0/as -v --64 -o CMakeFiles/cmTC_1d6c5.dir/CMakeCCompilerABI.c.o]
  ignore line: [GNU C17 (GCC) version 9.3.0 (x86_64-agl-linux)]
  ignore line: [	compiled by GNU C version 9.3.0  GMP version 6.2.0  MPFR version 4.0.2  MPC version 1.1.0  isl version none]
  ignore line: [GGC heuristics: --param ggc-min-expand=100 --param ggc-min-heapsize=131072]
  ignore line: [ignoring nonexistent directory "/home/boron/Documents/agl-app/agl-sdk-custom-image/sysroots/corei7-64-agl-linux/usr/local/include"]
  ignore line: [ignoring nonexistent directory "/home/boron/Documents/agl-app/agl-sdk-custom-image/sysroots/x86_64-aglsdk-linux/usr/lib/x86_64-agl-linux/gcc/x86_64-agl-linux/9.3.0/../../../../../x86_64-agl-linux/include"]
  ignore line: [#include "..." search starts here:]
  ignore line: [#include <...> search starts here:]
  ignore line: [ /home/boron/Documents/agl-app/agl-sdk-custom-image/sysroots/x86_64-aglsdk-linux/usr/lib/x86_64-agl-linux/gcc/x86_64-agl-linux/9.3.0/include]
  ignore line: [ /home/boron/Documents/agl-app/agl-sdk-custom-image/sysroots/corei7-64-agl-linux/usr/lib/x86_64-agl-linux/9.3.0/include]
  ignore line: [ /home/boron/Documents/agl-app/agl-sdk-custom-image/sysroots/x86_64-aglsdk-linux/usr/lib/x86_64-agl-linux/gcc/x86_64-agl-linux/9.3.0/include-fixed]
  ignore line: [ /home/boron/Documents/agl-app/agl-sdk-custom-image/sysroots/corei7-64-agl-linux/usr/include/]
  ignore line: [End of search list.]
  ignore line: [GNU C17 (GCC) version 9.3.0 (x86_64-agl-linux)]
  ignore line: [	compiled by GNU C version 9.3.0  GMP version 6.2.0  MPFR version 4.0.2  MPC version 1.1.0  isl version none]
  ignore line: [GGC heuristics: --param ggc-min-expand=100 --param ggc-min-heapsize=131072]
  ignore line: [Compiler executable checksum: 9fd9bcf7f3063c895df31ad6107b5c74]
  ignore line: [GNU assembler version 2.34.0 (x86_64-agl-linux) using BFD version (GNU Binutils) 2.34.0.20200220]
  ignore line: [COMPILER_PATH=/home/boron/Documents/agl-app/agl-sdk-custom-image/sysroots/x86_64-aglsdk-linux/usr/libexec/x86_64-agl-linux/gcc/x86_64-agl-linux/9.3.0/:/home/boron/Documents/agl-app/agl-sdk-custom-image/sysroots/x86_64-aglsdk-linux/usr/libexec/x86_64-agl-linux/gcc/x86_64-agl-linux/9.3.0/:/home/boron/Documents/agl-app/agl-sdk-custom-image/sysroots/x86_64-aglsdk-linux/usr/libexec/x86_64-agl-linux/gcc/x86_64-agl-linux/:/home/boron/Documents/agl-app/agl-sdk-custom-image/sysroots/x86_64-aglsdk-linux/usr/lib/x86_64-agl-linux/gcc/x86_64-agl-linux/9.3.0/:/home/boron/Documents/agl-app/agl-sdk-custom-image/sysroots/x86_64-aglsdk-linux/usr/lib/x86_64-agl-linux/gcc/x86_64-agl-linux/]
  ignore line: [LIBRARY_PATH=/home/boron/Documents/agl-app/agl-sdk-custom-image/sysroots/x86_64-aglsdk-linux/usr/lib/x86_64-agl-linux/gcc/x86_64-agl-linux/9.3.0/:/home/boron/Documents/agl-app/agl-sdk-custom-image/sysroots/corei7-64-agl-linux/lib/../lib/:/home/boron/Documents/agl-app/agl-sdk-custom-image/sysroots/corei7-64-agl-linux/usr/lib/../lib/x86_64-agl-linux/9.3.0/:/home/boron/Documents/agl-app/agl-sdk-custom-image/sysroots/corei7-64-agl-linux/usr/lib/x86_64-agl-linux/9.3.0/:/home/boron/Documents/agl-app/agl-sdk-custom-image/sysroots/corei7-64-agl-linux/usr/lib/../lib/:/home/boron/Documents/agl-app/agl-sdk-custom-image/sysroots/corei7-64-agl-linux/lib/:/home/boron/Documents/agl-app/agl-sdk-custom-image/sysroots/corei7-64-agl-linux/usr/lib/]
  ignore line: [COLLECT_GCC_OPTIONS='--sysroot=/home/boron/Documents/agl-app/agl-sdk-custom-image/sysroots/corei7-64-agl-linux' '-march=corei7' '-mtune=corei7' '-mfpmath=sse' '-msse4.2' '-fstack-protector-strong' '-D' '_FORTIFY_SOURCE=2' '-Wformat=1' '-Wformat-security' '-Werror=format-security' '-O2' '-pipe' '-g' '-feliminate-unused-debug-types' '-v' '-o' 'CMakeFiles/cmTC_1d6c5.dir/CMakeCCompilerABI.c.o' '-c']
  ignore line: [Linking C executable cmTC_1d6c5]
  ignore line: [/home/boron/Documents/agl-app/agl-sdk-custom-image/sysroots/x86_64-aglsdk-linux/usr/bin/cmake -E cmake_link_script CMakeFiles/cmTC_1d6c5.dir/link.txt --verbose=1]
  ignore line: [/home/boron/Documents/agl-app/agl-sdk-custom-image/sysroots/x86_64-aglsdk-linux/usr/bin/x86_64-agl-linux/x86_64-agl-linux-gcc   -march=corei7 -mtune=corei7 -mfpmath=sse -msse4.2 -fstack-protector-strong  -D_FORTIFY_SOURCE=2 -Wformat -Wformat-security -Werror=format-security --sysroot=/home/boron/Documents/agl-app/agl-sdk-custom-image/sysroots/corei7-64-agl-linux --sysroot=/home/boron/Documents/agl-app/agl-sdk-custom-image/sysroots/corei7-64-agl-linux  -O2 -pipe -g -feliminate-unused-debug-types    -Wl -O1 -Wl --hash-style=gnu -Wl --as-needed -fstack-protector-strong -Wl -z relro -z now -v -rdynamic CMakeFiles/cmTC_1d6c5.dir/CMakeCCompilerABI.c.o  -o cmTC_1d6c5 ]
  ignore line: [Using built-in specs.]
  ignore line: [COLLECT_GCC=/home/boron/Documents/agl-app/agl-sdk-custom-image/sysroots/x86_64-aglsdk-linux/usr/bin/x86_64-agl-linux/x86_64-agl-linux-gcc]
  ignore line: [COLLECT_LTO_WRAPPER=/home/boron/Documents/agl-app/agl-sdk-custom-image/sysroots/x86_64-aglsdk-linux/usr/libexec/x86_64-agl-linux/gcc/x86_64-agl-linux/9.3.0/lto-wrapper]
  ignore line: [Target: x86_64-agl-linux]
  ignore line: [Configured with: ../../../../../../work-shared/gcc-9.3.0-r0/gcc-9.3.0/configure --build=x86_64-linux --host=x86_64-aglsdk-linux --target=x86_64-agl-linux --prefix=/opt/agl-sdk/11.91.0+snapshot-corei7-64/sysroots/x86_64-aglsdk-linux/usr --exec_prefix=/opt/agl-sdk/11.91.0+snapshot-corei7-64/sysroots/x86_64-aglsdk-linux/usr --bindir=/opt/agl-sdk/11.91.0+snapshot-corei7-64/sysroots/x86_64-aglsdk-linux/usr/bin/x86_64-agl-linux --sbindir=/opt/agl-sdk/11.91.0+snapshot-corei7-64/sysroots/x86_64-aglsdk-linux/usr/bin/x86_64-agl-linux --libexecdir=/opt/agl-sdk/11.91.0+snapshot-corei7-64/sysroots/x86_64-aglsdk-linux/usr/libexec/x86_64-agl-linux --datadir=/opt/agl-sdk/11.91.0+snapshot-corei7-64/sysroots/x86_64-aglsdk-linux/usr/share --sysconfdir=/opt/agl-sdk/11.91.0+snapshot-corei7-64/sysroots/x86_64-aglsdk-linux/etc --sharedstatedir=/opt/agl-sdk/11.91.0+snapshot-corei7-64/sysroots/x86_64-aglsdk-linux/com --localstatedir=/opt/agl-sdk/11.91.0+snapshot-corei7-64/sysroots/x86_64-aglsdk-linux/var --libdir=/opt/agl-sdk/11.91.0+snapshot-corei7-64/sysroots/x86_64-aglsdk-linux/usr/lib/x86_64-agl-linux --includedir=/opt/agl-sdk/11.91.0+snapshot-corei7-64/sysroots/x86_64-aglsdk-linux/usr/include --oldincludedir=/opt/agl-sdk/11.91.0+snapshot-corei7-64/sysroots/x86_64-aglsdk-linux/usr/include --infodir=/opt/agl-sdk/11.91.0+snapshot-corei7-64/sysroots/x86_64-aglsdk-linux/usr/share/info --mandir=/opt/agl-sdk/11.91.0+snapshot-corei7-64/sysroots/x86_64-aglsdk-linux/usr/share/man --disable-silent-rules --disable-dependency-tracking --with-libtool-sysroot=/home/boron/AGL/master/new-build-x86-meta-ros-weston-agl-ros2-ydlidar-qt/tmp/work/x86_64-nativesdk-aglsdk-linux/gcc-cross-canadian-x86-64/9.3.0-r0/recipe-sysroot --with-gnu-ld --enable-shared --enable-languages=c,c++,fortran --enable-threads=posix --enable-multilib --enable-default-pie --enable-c99 --enable-long-long --enable-symvers=gnu --enable-libstdcxx-pch --program-prefix=x86_64-agl-linux- --without-local-prefix --disable-install-libiberty --enable-lto --disable-libssp --enable-libitm --disable-bootstrap --disable-libmudflap --with-system-zlib --with-linker-hash-style=gnu --enable-linker-build-id --with-ppl=no --with-cloog=no --enable-checking=release --enable-cheaders=c_global --without-isl --with-gxx-include-dir=/not/exist/usr/include/c++/9.3.0 --with-build-time-tools=/home/boron/AGL/master/new-build-x86-meta-ros-weston-agl-ros2-ydlidar-qt/tmp/work/x86_64-nativesdk-aglsdk-linux/gcc-cross-canadian-x86-64/9.3.0-r0/recipe-sysroot-native/usr/x86_64-agl-linux/bin --with-sysroot=/not/exist --with-build-sysroot=/home/boron/AGL/master/new-build-x86-meta-ros-weston-agl-ros2-ydlidar-qt/tmp/work/x86_64-nativesdk-aglsdk-linux/gcc-cross-canadian-x86-64/9.3.0-r0/recipe-sysroot --enable-poison-system-directories --disable-static --enable-nls --with-glibc-version=2.28 --enable-initfini-array --enable-__cxa_atexit]
  ignore line: [Thread model: posix]
  ignore line: [gcc version 9.3.0 (GCC) ]
  ignore line: [COMPILER_PATH=/home/boron/Documents/agl-app/agl-sdk-custom-image/sysroots/x86_64-aglsdk-linux/usr/libexec/x86_64-agl-linux/gcc/x86_64-agl-linux/9.3.0/:/home/boron/Documents/agl-app/agl-sdk-custom-image/sysroots/x86_64-aglsdk-linux/usr/libexec/x86_64-agl-linux/gcc/x86_64-agl-linux/9.3.0/:/home/boron/Documents/agl-app/agl-sdk-custom-image/sysroots/x86_64-aglsdk-linux/usr/libexec/x86_64-agl-linux/gcc/x86_64-agl-linux/:/home/boron/Documents/agl-app/agl-sdk-custom-image/sysroots/x86_64-aglsdk-linux/usr/lib/x86_64-agl-linux/gcc/x86_64-agl-linux/9.3.0/:/home/boron/Documents/agl-app/agl-sdk-custom-image/sysroots/x86_64-aglsdk-linux/usr/lib/x86_64-agl-linux/gcc/x86_64-agl-linux/]
  ignore line: [LIBRARY_PATH=/home/boron/Documents/agl-app/agl-sdk-custom-image/sysroots/x86_64-aglsdk-linux/usr/lib/x86_64-agl-linux/gcc/x86_64-agl-linux/9.3.0/:/home/boron/Documents/agl-app/agl-sdk-custom-image/sysroots/corei7-64-agl-linux/lib/../lib/:/home/boron/Documents/agl-app/agl-sdk-custom-image/sysroots/corei7-64-agl-linux/usr/lib/../lib/x86_64-agl-linux/9.3.0/:/home/boron/Documents/agl-app/agl-sdk-custom-image/sysroots/corei7-64-agl-linux/usr/lib/x86_64-agl-linux/9.3.0/:/home/boron/Documents/agl-app/agl-sdk-custom-image/sysroots/corei7-64-agl-linux/usr/lib/../lib/:/home/boron/Documents/agl-app/agl-sdk-custom-image/sysroots/corei7-64-agl-linux/lib/:/home/boron/Documents/agl-app/agl-sdk-custom-image/sysroots/corei7-64-agl-linux/usr/lib/]
  ignore line: [COLLECT_GCC_OPTIONS='--sysroot=/home/boron/Documents/agl-app/agl-sdk-custom-image/sysroots/corei7-64-agl-linux' '-march=corei7' '-mtune=corei7' '-mfpmath=sse' '-msse4.2' '-fstack-protector-strong' '-D' '_FORTIFY_SOURCE=2' '-Wformat=1' '-Wformat-security' '-Werror=format-security' '-O2' '-pipe' '-g' '-feliminate-unused-debug-types' '-fstack-protector-strong' '-v' '-rdynamic' '-o' 'cmTC_1d6c5']
  link line: [ /home/boron/Documents/agl-app/agl-sdk-custom-image/sysroots/x86_64-aglsdk-linux/usr/libexec/x86_64-agl-linux/gcc/x86_64-agl-linux/9.3.0/collect2 -plugin /home/boron/Documents/agl-app/agl-sdk-custom-image/sysroots/x86_64-aglsdk-linux/usr/libexec/x86_64-agl-linux/gcc/x86_64-agl-linux/9.3.0/liblto_plugin.so -plugin-opt=/home/boron/Documents/agl-app/agl-sdk-custom-image/sysroots/x86_64-aglsdk-linux/usr/libexec/x86_64-agl-linux/gcc/x86_64-agl-linux/9.3.0/lto-wrapper -plugin-opt=-fresolution=/tmp/ccfthKo2.res -plugin-opt=-pass-through=-lgcc -plugin-opt=-pass-through=-lgcc_s -plugin-opt=-pass-through=-lc -plugin-opt=-pass-through=-lgcc -plugin-opt=-pass-through=-lgcc_s --sysroot=/home/boron/Documents/agl-app/agl-sdk-custom-image/sysroots/corei7-64-agl-linux --build-id --eh-frame-hdr --hash-style=gnu -m elf_x86_64 -export-dynamic -dynamic-linker /lib/ld-linux-x86-64.so.2 -pie -o cmTC_1d6c5 /home/boron/Documents/agl-app/agl-sdk-custom-image/sysroots/corei7-64-agl-linux/usr/lib/../lib/Scrt1.o /home/boron/Documents/agl-app/agl-sdk-custom-image/sysroots/corei7-64-agl-linux/usr/lib/../lib/crti.o /home/boron/Documents/agl-app/agl-sdk-custom-image/sysroots/corei7-64-agl-linux/usr/lib/../lib/x86_64-agl-linux/9.3.0/crtbeginS.o -L/home/boron/Documents/agl-app/agl-sdk-custom-image/sysroots/x86_64-aglsdk-linux/usr/lib/x86_64-agl-linux/gcc/x86_64-agl-linux/9.3.0 -L/home/boron/Documents/agl-app/agl-sdk-custom-image/sysroots/corei7-64-agl-linux/lib/../lib -L/home/boron/Documents/agl-app/agl-sdk-custom-image/sysroots/corei7-64-agl-linux/usr/lib/../lib/x86_64-agl-linux/9.3.0 -L/home/boron/Documents/agl-app/agl-sdk-custom-image/sysroots/corei7-64-agl-linux/usr/lib/x86_64-agl-linux/9.3.0 -L/home/boron/Documents/agl-app/agl-sdk-custom-image/sysroots/corei7-64-agl-linux/usr/lib/../lib -L/home/boron/Documents/agl-app/agl-sdk-custom-image/sysroots/corei7-64-agl-linux/lib -L/home/boron/Documents/agl-app/agl-sdk-custom-image/sysroots/corei7-64-agl-linux/usr/lib -O1 --hash-style=gnu --as-needed -z relro -z now CMakeFiles/cmTC_1d6c5.dir/CMakeCCompilerABI.c.o -lgcc --push-state --as-needed -lgcc_s --pop-state -lc -lgcc --push-state --as-needed -lgcc_s --pop-state /home/boron/Documents/agl-app/agl-sdk-custom-image/sysroots/corei7-64-agl-linux/usr/lib/../lib/x86_64-agl-linux/9.3.0/crtendS.o /home/boron/Documents/agl-app/agl-sdk-custom-image/sysroots/corei7-64-agl-linux/usr/lib/../lib/crtn.o]
    arg [/home/boron/Documents/agl-app/agl-sdk-custom-image/sysroots/x86_64-aglsdk-linux/usr/libexec/x86_64-agl-linux/gcc/x86_64-agl-linux/9.3.0/collect2] ==> ignore
    arg [-plugin] ==> ignore
    arg [/home/boron/Documents/agl-app/agl-sdk-custom-image/sysroots/x86_64-aglsdk-linux/usr/libexec/x86_64-agl-linux/gcc/x86_64-agl-linux/9.3.0/liblto_plugin.so] ==> ignore
    arg [-plugin-opt=/home/boron/Documents/agl-app/agl-sdk-custom-image/sysroots/x86_64-aglsdk-linux/usr/libexec/x86_64-agl-linux/gcc/x86_64-agl-linux/9.3.0/lto-wrapper] ==> ignore
    arg [-plugin-opt=-fresolution=/tmp/ccfthKo2.res] ==> ignore
    arg [-plugin-opt=-pass-through=-lgcc] ==> ignore
    arg [-plugin-opt=-pass-through=-lgcc_s] ==> ignore
    arg [-plugin-opt=-pass-through=-lc] ==> ignore
    arg [-plugin-opt=-pass-through=-lgcc] ==> ignore
    arg [-plugin-opt=-pass-through=-lgcc_s] ==> ignore
    arg [--sysroot=/home/boron/Documents/agl-app/agl-sdk-custom-image/sysroots/corei7-64-agl-linux] ==> ignore
    arg [--build-id] ==> ignore
    arg [--eh-frame-hdr] ==> ignore
    arg [--hash-style=gnu] ==> ignore
    arg [-m] ==> ignore
    arg [elf_x86_64] ==> ignore
    arg [-export-dynamic] ==> ignore
    arg [-dynamic-linker] ==> ignore
    arg [/lib/ld-linux-x86-64.so.2] ==> ignore
    arg [-pie] ==> ignore
    arg [-o] ==> ignore
    arg [cmTC_1d6c5] ==> ignore
    arg [/home/boron/Documents/agl-app/agl-sdk-custom-image/sysroots/corei7-64-agl-linux/usr/lib/../lib/Scrt1.o] ==> ignore
    arg [/home/boron/Documents/agl-app/agl-sdk-custom-image/sysroots/corei7-64-agl-linux/usr/lib/../lib/crti.o] ==> ignore
    arg [/home/boron/Documents/agl-app/agl-sdk-custom-image/sysroots/corei7-64-agl-linux/usr/lib/../lib/x86_64-agl-linux/9.3.0/crtbeginS.o] ==> ignore
    arg [-L/home/boron/Documents/agl-app/agl-sdk-custom-image/sysroots/x86_64-aglsdk-linux/usr/lib/x86_64-agl-linux/gcc/x86_64-agl-linux/9.3.0] ==> dir [/home/boron/Documents/agl-app/agl-sdk-custom-image/sysroots/x86_64-aglsdk-linux/usr/lib/x86_64-agl-linux/gcc/x86_64-agl-linux/9.3.0]
    arg [-L/home/boron/Documents/agl-app/agl-sdk-custom-image/sysroots/corei7-64-agl-linux/lib/../lib] ==> dir [/home/boron/Documents/agl-app/agl-sdk-custom-image/sysroots/corei7-64-agl-linux/lib/../lib]
    arg [-L/home/boron/Documents/agl-app/agl-sdk-custom-image/sysroots/corei7-64-agl-linux/usr/lib/../lib/x86_64-agl-linux/9.3.0] ==> dir [/home/boron/Documents/agl-app/agl-sdk-custom-image/sysroots/corei7-64-agl-linux/usr/lib/../lib/x86_64-agl-linux/9.3.0]
    arg [-L/home/boron/Documents/agl-app/agl-sdk-custom-image/sysroots/corei7-64-agl-linux/usr/lib/x86_64-agl-linux/9.3.0] ==> dir [/home/boron/Documents/agl-app/agl-sdk-custom-image/sysroots/corei7-64-agl-linux/usr/lib/x86_64-agl-linux/9.3.0]
    arg [-L/home/boron/Documents/agl-app/agl-sdk-custom-image/sysroots/corei7-64-agl-linux/usr/lib/../lib] ==> dir [/home/boron/Documents/agl-app/agl-sdk-custom-image/sysroots/corei7-64-agl-linux/usr/lib/../lib]
    arg [-L/home/boron/Documents/agl-app/agl-sdk-custom-image/sysroots/corei7-64-agl-linux/lib] ==> dir [/home/boron/Documents/agl-app/agl-sdk-custom-image/sysroots/corei7-64-agl-linux/lib]
    arg [-L/home/boron/Documents/agl-app/agl-sdk-custom-image/sysroots/corei7-64-agl-linux/usr/lib] ==> dir [/home/boron/Documents/agl-app/agl-sdk-custom-image/sysroots/corei7-64-agl-linux/usr/lib]
    arg [-O1] ==> ignore
    arg [--hash-style=gnu] ==> ignore
    arg [--as-needed] ==> ignore
    arg [-zrelro] ==> ignore
    arg [-znow] ==> ignore
    arg [CMakeFiles/cmTC_1d6c5.dir/CMakeCCompilerABI.c.o] ==> ignore
    arg [-lgcc] ==> lib [gcc]
    arg [--push-state] ==> ignore
    arg [--as-needed] ==> ignore
    arg [-lgcc_s] ==> lib [gcc_s]
    arg [--pop-state] ==> ignore
    arg [-lc] ==> lib [c]
    arg [-lgcc] ==> lib [gcc]
    arg [--push-state] ==> ignore
    arg [--as-needed] ==> ignore
    arg [-lgcc_s] ==> lib [gcc_s]
    arg [--pop-state] ==> ignore
    arg [/home/boron/Documents/agl-app/agl-sdk-custom-image/sysroots/corei7-64-agl-linux/usr/lib/../lib/x86_64-agl-linux/9.3.0/crtendS.o] ==> ignore
    arg [/home/boron/Documents/agl-app/agl-sdk-custom-image/sysroots/corei7-64-agl-linux/usr/lib/../lib/crtn.o] ==> ignore
  collapse library dir [/home/boron/Documents/agl-app/agl-sdk-custom-image/sysroots/x86_64-aglsdk-linux/usr/lib/x86_64-agl-linux/gcc/x86_64-agl-linux/9.3.0] ==> [/home/boron/Documents/agl-app/agl-sdk-custom-image/sysroots/x86_64-aglsdk-linux/usr/lib/x86_64-agl-linux/gcc/x86_64-agl-linux/9.3.0]
  collapse library dir [/home/boron/Documents/agl-app/agl-sdk-custom-image/sysroots/corei7-64-agl-linux/lib/../lib] ==> [/home/boron/Documents/agl-app/agl-sdk-custom-image/sysroots/corei7-64-agl-linux/lib]
  collapse library dir [/home/boron/Documents/agl-app/agl-sdk-custom-image/sysroots/corei7-64-agl-linux/usr/lib/../lib/x86_64-agl-linux/9.3.0] ==> [/home/boron/Documents/agl-app/agl-sdk-custom-image/sysroots/corei7-64-agl-linux/usr/lib/x86_64-agl-linux/9.3.0]
  collapse library dir [/home/boron/Documents/agl-app/agl-sdk-custom-image/sysroots/corei7-64-agl-linux/usr/lib/x86_64-agl-linux/9.3.0] ==> [/home/boron/Documents/agl-app/agl-sdk-custom-image/sysroots/corei7-64-agl-linux/usr/lib/x86_64-agl-linux/9.3.0]
  collapse library dir [/home/boron/Documents/agl-app/agl-sdk-custom-image/sysroots/corei7-64-agl-linux/usr/lib/../lib] ==> [/home/boron/Documents/agl-app/agl-sdk-custom-image/sysroots/corei7-64-agl-linux/usr/lib]
  collapse library dir [/home/boron/Documents/agl-app/agl-sdk-custom-image/sysroots/corei7-64-agl-linux/lib] ==> [/home/boron/Documents/agl-app/agl-sdk-custom-image/sysroots/corei7-64-agl-linux/lib]
  collapse library dir [/home/boron/Documents/agl-app/agl-sdk-custom-image/sysroots/corei7-64-agl-linux/usr/lib] ==> [/home/boron/Documents/agl-app/agl-sdk-custom-image/sysroots/corei7-64-agl-linux/usr/lib]
  implicit libs: [gcc;gcc_s;c;gcc;gcc_s]
  implicit dirs: [/home/boron/Documents/agl-app/agl-sdk-custom-image/sysroots/x86_64-aglsdk-linux/usr/lib/x86_64-agl-linux/gcc/x86_64-agl-linux/9.3.0;/home/boron/Documents/agl-app/agl-sdk-custom-image/sysroots/corei7-64-agl-linux/lib;/home/boron/Documents/agl-app/agl-sdk-custom-image/sysroots/corei7-64-agl-linux/usr/lib/x86_64-agl-linux/9.3.0;/home/boron/Documents/agl-app/agl-sdk-custom-image/sysroots/corei7-64-agl-linux/usr/lib]
  implicit fwks: []


Determining if the CXX compiler works passed with the following output:
Change Dir: /home/boron/Documents/agl-app/agl-liq-build/build/CMakeFiles/CMakeTmp

Run Build Command(s):/usr/bin/make cmTC_07c13/fast && /usr/bin/make -f CMakeFiles/cmTC_07c13.dir/build.make CMakeFiles/cmTC_07c13.dir/build
make[1]: Entering directory '/home/boron/Documents/agl-app/agl-liq-build/build/CMakeFiles/CMakeTmp'
Building CXX object CMakeFiles/cmTC_07c13.dir/testCXXCompiler.cxx.o
/home/boron/Documents/agl-app/agl-sdk-custom-image/sysroots/x86_64-aglsdk-linux/usr/bin/x86_64-agl-linux/x86_64-agl-linux-g++   -march=corei7 -mtune=corei7 -mfpmath=sse -msse4.2 -fstack-protector-strong  -D_FORTIFY_SOURCE=2 -Wformat -Wformat-security -Werror=format-security --sysroot=/home/boron/Documents/agl-app/agl-sdk-custom-image/sysroots/corei7-64-agl-linux --sysroot=/home/boron/Documents/agl-app/agl-sdk-custom-image/sysroots/corei7-64-agl-linux    -O2 -pipe -g -feliminate-unused-debug-types     -o CMakeFiles/cmTC_07c13.dir/testCXXCompiler.cxx.o -c /home/boron/Documents/agl-app/agl-liq-build/build/CMakeFiles/CMakeTmp/testCXXCompiler.cxx
Linking CXX executable cmTC_07c13
/home/boron/Documents/agl-app/agl-sdk-custom-image/sysroots/x86_64-aglsdk-linux/usr/bin/cmake -E cmake_link_script CMakeFiles/cmTC_07c13.dir/link.txt --verbose=1
/home/boron/Documents/agl-app/agl-sdk-custom-image/sysroots/x86_64-aglsdk-linux/usr/bin/x86_64-agl-linux/x86_64-agl-linux-g++   -march=corei7 -mtune=corei7 -mfpmath=sse -msse4.2 -fstack-protector-strong  -D_FORTIFY_SOURCE=2 -Wformat -Wformat-security -Werror=format-security --sysroot=/home/boron/Documents/agl-app/agl-sdk-custom-image/sysroots/corei7-64-agl-linux --sysroot=/home/boron/Documents/agl-app/agl-sdk-custom-image/sysroots/corei7-64-agl-linux   -O2 -pipe -g -feliminate-unused-debug-types    -Wl,-O1 -Wl,--hash-style=gnu -Wl,--as-needed -fstack-protector-strong -Wl,-z,relro,-z,now  -rdynamic CMakeFiles/cmTC_07c13.dir/testCXXCompiler.cxx.o  -o cmTC_07c13 
make[1]: Leaving directory '/home/boron/Documents/agl-app/agl-liq-build/build/CMakeFiles/CMakeTmp'



Detecting CXX compiler ABI info compiled with the following output:
Change Dir: /home/boron/Documents/agl-app/agl-liq-build/build/CMakeFiles/CMakeTmp

Run Build Command(s):/usr/bin/make cmTC_439f4/fast && /usr/bin/make -f CMakeFiles/cmTC_439f4.dir/build.make CMakeFiles/cmTC_439f4.dir/build
make[1]: Entering directory '/home/boron/Documents/agl-app/agl-liq-build/build/CMakeFiles/CMakeTmp'
Building CXX object CMakeFiles/cmTC_439f4.dir/CMakeCXXCompilerABI.cpp.o
/home/boron/Documents/agl-app/agl-sdk-custom-image/sysroots/x86_64-aglsdk-linux/usr/bin/x86_64-agl-linux/x86_64-agl-linux-g++   -march=corei7 -mtune=corei7 -mfpmath=sse -msse4.2 -fstack-protector-strong  -D_FORTIFY_SOURCE=2 -Wformat -Wformat-security -Werror=format-security --sysroot=/home/boron/Documents/agl-app/agl-sdk-custom-image/sysroots/corei7-64-agl-linux --sysroot=/home/boron/Documents/agl-app/agl-sdk-custom-image/sysroots/corei7-64-agl-linux    -O2 -pipe -g -feliminate-unused-debug-types     -v -o CMakeFiles/cmTC_439f4.dir/CMakeCXXCompilerABI.cpp.o -c /home/boron/Documents/agl-app/agl-sdk-custom-image/sysroots/x86_64-aglsdk-linux/usr/share/cmake-3.16/Modules/CMakeCXXCompilerABI.cpp
Using built-in specs.
COLLECT_GCC=/home/boron/Documents/agl-app/agl-sdk-custom-image/sysroots/x86_64-aglsdk-linux/usr/bin/x86_64-agl-linux/x86_64-agl-linux-g++
Target: x86_64-agl-linux
Configured with: ../../../../../../work-shared/gcc-9.3.0-r0/gcc-9.3.0/configure --build=x86_64-linux --host=x86_64-aglsdk-linux --target=x86_64-agl-linux --prefix=/opt/agl-sdk/11.91.0+snapshot-corei7-64/sysroots/x86_64-aglsdk-linux/usr --exec_prefix=/opt/agl-sdk/11.91.0+snapshot-corei7-64/sysroots/x86_64-aglsdk-linux/usr --bindir=/opt/agl-sdk/11.91.0+snapshot-corei7-64/sysroots/x86_64-aglsdk-linux/usr/bin/x86_64-agl-linux --sbindir=/opt/agl-sdk/11.91.0+snapshot-corei7-64/sysroots/x86_64-aglsdk-linux/usr/bin/x86_64-agl-linux --libexecdir=/opt/agl-sdk/11.91.0+snapshot-corei7-64/sysroots/x86_64-aglsdk-linux/usr/libexec/x86_64-agl-linux --datadir=/opt/agl-sdk/11.91.0+snapshot-corei7-64/sysroots/x86_64-aglsdk-linux/usr/share --sysconfdir=/opt/agl-sdk/11.91.0+snapshot-corei7-64/sysroots/x86_64-aglsdk-linux/etc --sharedstatedir=/opt/agl-sdk/11.91.0+snapshot-corei7-64/sysroots/x86_64-aglsdk-linux/com --localstatedir=/opt/agl-sdk/11.91.0+snapshot-corei7-64/sysroots/x86_64-aglsdk-linux/var --libdir=/opt/agl-sdk/11.91.0+snapshot-corei7-64/sysroots/x86_64-aglsdk-linux/usr/lib/x86_64-agl-linux --includedir=/opt/agl-sdk/11.91.0+snapshot-corei7-64/sysroots/x86_64-aglsdk-linux/usr/include --oldincludedir=/opt/agl-sdk/11.91.0+snapshot-corei7-64/sysroots/x86_64-aglsdk-linux/usr/include --infodir=/opt/agl-sdk/11.91.0+snapshot-corei7-64/sysroots/x86_64-aglsdk-linux/usr/share/info --mandir=/opt/agl-sdk/11.91.0+snapshot-corei7-64/sysroots/x86_64-aglsdk-linux/usr/share/man --disable-silent-rules --disable-dependency-tracking --with-libtool-sysroot=/home/boron/AGL/master/new-build-x86-meta-ros-weston-agl-ros2-ydlidar-qt/tmp/work/x86_64-nativesdk-aglsdk-linux/gcc-cross-canadian-x86-64/9.3.0-r0/recipe-sysroot --with-gnu-ld --enable-shared --enable-languages=c,c++,fortran --enable-threads=posix --enable-multilib --enable-default-pie --enable-c99 --enable-long-long --enable-symvers=gnu --enable-libstdcxx-pch --program-prefix=x86_64-agl-linux- --without-local-prefix --disable-install-libiberty --enable-lto --disable-libssp --enable-libitm --disable-bootstrap --disable-libmudflap --with-system-zlib --with-linker-hash-style=gnu --enable-linker-build-id --with-ppl=no --with-cloog=no --enable-checking=release --enable-cheaders=c_global --without-isl --with-gxx-include-dir=/not/exist/usr/include/c++/9.3.0 --with-build-time-tools=/home/boron/AGL/master/new-build-x86-meta-ros-weston-agl-ros2-ydlidar-qt/tmp/work/x86_64-nativesdk-aglsdk-linux/gcc-cross-canadian-x86-64/9.3.0-r0/recipe-sysroot-native/usr/x86_64-agl-linux/bin --with-sysroot=/not/exist --with-build-sysroot=/home/boron/AGL/master/new-build-x86-meta-ros-weston-agl-ros2-ydlidar-qt/tmp/work/x86_64-nativesdk-aglsdk-linux/gcc-cross-canadian-x86-64/9.3.0-r0/recipe-sysroot --enable-poison-system-directories --disable-static --enable-nls --with-glibc-version=2.28 --enable-initfini-array --enable-__cxa_atexit
Thread model: posix
gcc version 9.3.0 (GCC) 
COLLECT_GCC_OPTIONS='--sysroot=/home/boron/Documents/agl-app/agl-sdk-custom-image/sysroots/corei7-64-agl-linux' '-march=corei7' '-mtune=corei7' '-mfpmath=sse' '-msse4.2' '-fstack-protector-strong' '-D' '_FORTIFY_SOURCE=2' '-Wformat=1' '-Wformat-security' '-Werror=format-security' '-O2' '-pipe' '-g' '-feliminate-unused-debug-types' '-v' '-o' 'CMakeFiles/cmTC_439f4.dir/CMakeCXXCompilerABI.cpp.o' '-c' '-shared-libgcc'
 /home/boron/Documents/agl-app/agl-sdk-custom-image/sysroots/x86_64-aglsdk-linux/usr/libexec/x86_64-agl-linux/gcc/x86_64-agl-linux/9.3.0/cc1plus -quiet -v -isysroot /home/boron/Documents/agl-app/agl-sdk-custom-image/sysroots/corei7-64-agl-linux -D_GNU_SOURCE -D _FORTIFY_SOURCE=2 /home/boron/Documents/agl-app/agl-sdk-custom-image/sysroots/x86_64-aglsdk-linux/usr/share/cmake-3.16/Modules/CMakeCXXCompilerABI.cpp -quiet -dumpbase CMakeCXXCompilerABI.cpp -march=corei7 -mtune=corei7 -mfpmath=sse -msse4.2 -auxbase-strip CMakeFiles/cmTC_439f4.dir/CMakeCXXCompilerABI.cpp.o -g -O2 -Wformat=1 -Wformat-security -Werror=format-security -version -fstack-protector-strong -feliminate-unused-debug-types -o - |
 /home/boron/Documents/agl-app/agl-sdk-custom-image/sysroots/x86_64-aglsdk-linux/usr/libexec/x86_64-agl-linux/gcc/x86_64-agl-linux/9.3.0/as -v --64 -o CMakeFiles/cmTC_439f4.dir/CMakeCXXCompilerABI.cpp.o
GNU assembler version 2.34.0 (x86_64-agl-linux) using BFD version (GNU Binutils) 2.34.0.20200220
GNU C++14 (GCC) version 9.3.0 (x86_64-agl-linux)
	compiled by GNU C version 9.3.0, GMP version 6.2.0, MPFR version 4.0.2, MPC version 1.1.0, isl version none
GGC heuristics: --param ggc-min-expand=100 --param ggc-min-heapsize=131072
ignoring nonexistent directory "/home/boron/Documents/agl-app/agl-sdk-custom-image/sysroots/corei7-64-agl-linux/usr/local/include"
ignoring nonexistent directory "/home/boron/Documents/agl-app/agl-sdk-custom-image/sysroots/x86_64-aglsdk-linux/usr/lib/x86_64-agl-linux/gcc/x86_64-agl-linux/9.3.0/../../../../../x86_64-agl-linux/include"
#include "..." search starts here:
#include <...> search starts here:
 /home/boron/Documents/agl-app/agl-sdk-custom-image/sysroots/corei7-64-agl-linux/usr/include/c++/9.3.0
 /home/boron/Documents/agl-app/agl-sdk-custom-image/sysroots/corei7-64-agl-linux/usr/include/c++/9.3.0/x86_64-agl-linux
 /home/boron/Documents/agl-app/agl-sdk-custom-image/sysroots/corei7-64-agl-linux/usr/include/c++/9.3.0/backward
 /home/boron/Documents/agl-app/agl-sdk-custom-image/sysroots/x86_64-aglsdk-linux/usr/lib/x86_64-agl-linux/gcc/x86_64-agl-linux/9.3.0/include
 /home/boron/Documents/agl-app/agl-sdk-custom-image/sysroots/corei7-64-agl-linux/usr/lib/x86_64-agl-linux/9.3.0/include
 /home/boron/Documents/agl-app/agl-sdk-custom-image/sysroots/x86_64-aglsdk-linux/usr/lib/x86_64-agl-linux/gcc/x86_64-agl-linux/9.3.0/include-fixed
 /home/boron/Documents/agl-app/agl-sdk-custom-image/sysroots/corei7-64-agl-linux/usr/include/
End of search list.
GNU C++14 (GCC) version 9.3.0 (x86_64-agl-linux)
	compiled by GNU C version 9.3.0, GMP version 6.2.0, MPFR version 4.0.2, MPC version 1.1.0, isl version none
GGC heuristics: --param ggc-min-expand=100 --param ggc-min-heapsize=131072
Compiler executable checksum: b6b25a3f4f11477078abd74dd03eb7c1
COMPILER_PATH=/home/boron/Documents/agl-app/agl-sdk-custom-image/sysroots/x86_64-aglsdk-linux/usr/libexec/x86_64-agl-linux/gcc/x86_64-agl-linux/9.3.0/:/home/boron/Documents/agl-app/agl-sdk-custom-image/sysroots/x86_64-aglsdk-linux/usr/libexec/x86_64-agl-linux/gcc/x86_64-agl-linux/9.3.0/:/home/boron/Documents/agl-app/agl-sdk-custom-image/sysroots/x86_64-aglsdk-linux/usr/libexec/x86_64-agl-linux/gcc/x86_64-agl-linux/:/home/boron/Documents/agl-app/agl-sdk-custom-image/sysroots/x86_64-aglsdk-linux/usr/lib/x86_64-agl-linux/gcc/x86_64-agl-linux/9.3.0/:/home/boron/Documents/agl-app/agl-sdk-custom-image/sysroots/x86_64-aglsdk-linux/usr/lib/x86_64-agl-linux/gcc/x86_64-agl-linux/
LIBRARY_PATH=/home/boron/Documents/agl-app/agl-sdk-custom-image/sysroots/x86_64-aglsdk-linux/usr/lib/x86_64-agl-linux/gcc/x86_64-agl-linux/9.3.0/:/home/boron/Documents/agl-app/agl-sdk-custom-image/sysroots/corei7-64-agl-linux/lib/../lib/:/home/boron/Documents/agl-app/agl-sdk-custom-image/sysroots/corei7-64-agl-linux/usr/lib/../lib/x86_64-agl-linux/9.3.0/:/home/boron/Documents/agl-app/agl-sdk-custom-image/sysroots/corei7-64-agl-linux/usr/lib/x86_64-agl-linux/9.3.0/:/home/boron/Documents/agl-app/agl-sdk-custom-image/sysroots/corei7-64-agl-linux/usr/lib/../lib/:/home/boron/Documents/agl-app/agl-sdk-custom-image/sysroots/corei7-64-agl-linux/lib/:/home/boron/Documents/agl-app/agl-sdk-custom-image/sysroots/corei7-64-agl-linux/usr/lib/
COLLECT_GCC_OPTIONS='--sysroot=/home/boron/Documents/agl-app/agl-sdk-custom-image/sysroots/corei7-64-agl-linux' '-march=corei7' '-mtune=corei7' '-mfpmath=sse' '-msse4.2' '-fstack-protector-strong' '-D' '_FORTIFY_SOURCE=2' '-Wformat=1' '-Wformat-security' '-Werror=format-security' '-O2' '-pipe' '-g' '-feliminate-unused-debug-types' '-v' '-o' 'CMakeFiles/cmTC_439f4.dir/CMakeCXXCompilerABI.cpp.o' '-c' '-shared-libgcc'
Linking CXX executable cmTC_439f4
/home/boron/Documents/agl-app/agl-sdk-custom-image/sysroots/x86_64-aglsdk-linux/usr/bin/cmake -E cmake_link_script CMakeFiles/cmTC_439f4.dir/link.txt --verbose=1
/home/boron/Documents/agl-app/agl-sdk-custom-image/sysroots/x86_64-aglsdk-linux/usr/bin/x86_64-agl-linux/x86_64-agl-linux-g++   -march=corei7 -mtune=corei7 -mfpmath=sse -msse4.2 -fstack-protector-strong  -D_FORTIFY_SOURCE=2 -Wformat -Wformat-security -Werror=format-security --sysroot=/home/boron/Documents/agl-app/agl-sdk-custom-image/sysroots/corei7-64-agl-linux --sysroot=/home/boron/Documents/agl-app/agl-sdk-custom-image/sysroots/corei7-64-agl-linux   -O2 -pipe -g -feliminate-unused-debug-types    -Wl,-O1 -Wl,--hash-style=gnu -Wl,--as-needed -fstack-protector-strong -Wl,-z,relro,-z,now -v -rdynamic CMakeFiles/cmTC_439f4.dir/CMakeCXXCompilerABI.cpp.o  -o cmTC_439f4 
Using built-in specs.
COLLECT_GCC=/home/boron/Documents/agl-app/agl-sdk-custom-image/sysroots/x86_64-aglsdk-linux/usr/bin/x86_64-agl-linux/x86_64-agl-linux-g++
COLLECT_LTO_WRAPPER=/home/boron/Documents/agl-app/agl-sdk-custom-image/sysroots/x86_64-aglsdk-linux/usr/libexec/x86_64-agl-linux/gcc/x86_64-agl-linux/9.3.0/lto-wrapper
Target: x86_64-agl-linux
Configured with: ../../../../../../work-shared/gcc-9.3.0-r0/gcc-9.3.0/configure --build=x86_64-linux --host=x86_64-aglsdk-linux --target=x86_64-agl-linux --prefix=/opt/agl-sdk/11.91.0+snapshot-corei7-64/sysroots/x86_64-aglsdk-linux/usr --exec_prefix=/opt/agl-sdk/11.91.0+snapshot-corei7-64/sysroots/x86_64-aglsdk-linux/usr --bindir=/opt/agl-sdk/11.91.0+snapshot-corei7-64/sysroots/x86_64-aglsdk-linux/usr/bin/x86_64-agl-linux --sbindir=/opt/agl-sdk/11.91.0+snapshot-corei7-64/sysroots/x86_64-aglsdk-linux/usr/bin/x86_64-agl-linux --libexecdir=/opt/agl-sdk/11.91.0+snapshot-corei7-64/sysroots/x86_64-aglsdk-linux/usr/libexec/x86_64-agl-linux --datadir=/opt/agl-sdk/11.91.0+snapshot-corei7-64/sysroots/x86_64-aglsdk-linux/usr/share --sysconfdir=/opt/agl-sdk/11.91.0+snapshot-corei7-64/sysroots/x86_64-aglsdk-linux/etc --sharedstatedir=/opt/agl-sdk/11.91.0+snapshot-corei7-64/sysroots/x86_64-aglsdk-linux/com --localstatedir=/opt/agl-sdk/11.91.0+snapshot-corei7-64/sysroots/x86_64-aglsdk-linux/var --libdir=/opt/agl-sdk/11.91.0+snapshot-corei7-64/sysroots/x86_64-aglsdk-linux/usr/lib/x86_64-agl-linux --includedir=/opt/agl-sdk/11.91.0+snapshot-corei7-64/sysroots/x86_64-aglsdk-linux/usr/include --oldincludedir=/opt/agl-sdk/11.91.0+snapshot-corei7-64/sysroots/x86_64-aglsdk-linux/usr/include --infodir=/opt/agl-sdk/11.91.0+snapshot-corei7-64/sysroots/x86_64-aglsdk-linux/usr/share/info --mandir=/opt/agl-sdk/11.91.0+snapshot-corei7-64/sysroots/x86_64-aglsdk-linux/usr/share/man --disable-silent-rules --disable-dependency-tracking --with-libtool-sysroot=/home/boron/AGL/master/new-build-x86-meta-ros-weston-agl-ros2-ydlidar-qt/tmp/work/x86_64-nativesdk-aglsdk-linux/gcc-cross-canadian-x86-64/9.3.0-r0/recipe-sysroot --with-gnu-ld --enable-shared --enable-languages=c,c++,fortran --enable-threads=posix --enable-multilib --enable-default-pie --enable-c99 --enable-long-long --enable-symvers=gnu --enable-libstdcxx-pch --program-prefix=x86_64-agl-linux- --without-local-prefix --disable-install-libiberty --enable-lto --disable-libssp --enable-libitm --disable-bootstrap --disable-libmudflap --with-system-zlib --with-linker-hash-style=gnu --enable-linker-build-id --with-ppl=no --with-cloog=no --enable-checking=release --enable-cheaders=c_global --without-isl --with-gxx-include-dir=/not/exist/usr/include/c++/9.3.0 --with-build-time-tools=/home/boron/AGL/master/new-build-x86-meta-ros-weston-agl-ros2-ydlidar-qt/tmp/work/x86_64-nativesdk-aglsdk-linux/gcc-cross-canadian-x86-64/9.3.0-r0/recipe-sysroot-native/usr/x86_64-agl-linux/bin --with-sysroot=/not/exist --with-build-sysroot=/home/boron/AGL/master/new-build-x86-meta-ros-weston-agl-ros2-ydlidar-qt/tmp/work/x86_64-nativesdk-aglsdk-linux/gcc-cross-canadian-x86-64/9.3.0-r0/recipe-sysroot --enable-poison-system-directories --disable-static --enable-nls --with-glibc-version=2.28 --enable-initfini-array --enable-__cxa_atexit
Thread model: posix
gcc version 9.3.0 (GCC) 
COMPILER_PATH=/home/boron/Documents/agl-app/agl-sdk-custom-image/sysroots/x86_64-aglsdk-linux/usr/libexec/x86_64-agl-linux/gcc/x86_64-agl-linux/9.3.0/:/home/boron/Documents/agl-app/agl-sdk-custom-image/sysroots/x86_64-aglsdk-linux/usr/libexec/x86_64-agl-linux/gcc/x86_64-agl-linux/9.3.0/:/home/boron/Documents/agl-app/agl-sdk-custom-image/sysroots/x86_64-aglsdk-linux/usr/libexec/x86_64-agl-linux/gcc/x86_64-agl-linux/:/home/boron/Documents/agl-app/agl-sdk-custom-image/sysroots/x86_64-aglsdk-linux/usr/lib/x86_64-agl-linux/gcc/x86_64-agl-linux/9.3.0/:/home/boron/Documents/agl-app/agl-sdk-custom-image/sysroots/x86_64-aglsdk-linux/usr/lib/x86_64-agl-linux/gcc/x86_64-agl-linux/
LIBRARY_PATH=/home/boron/Documents/agl-app/agl-sdk-custom-image/sysroots/x86_64-aglsdk-linux/usr/lib/x86_64-agl-linux/gcc/x86_64-agl-linux/9.3.0/:/home/boron/Documents/agl-app/agl-sdk-custom-image/sysroots/corei7-64-agl-linux/lib/../lib/:/home/boron/Documents/agl-app/agl-sdk-custom-image/sysroots/corei7-64-agl-linux/usr/lib/../lib/x86_64-agl-linux/9.3.0/:/home/boron/Documents/agl-app/agl-sdk-custom-image/sysroots/corei7-64-agl-linux/usr/lib/x86_64-agl-linux/9.3.0/:/home/boron/Documents/agl-app/agl-sdk-custom-image/sysroots/corei7-64-agl-linux/usr/lib/../lib/:/home/boron/Documents/agl-app/agl-sdk-custom-image/sysroots/corei7-64-agl-linux/lib/:/home/boron/Documents/agl-app/agl-sdk-custom-image/sysroots/corei7-64-agl-linux/usr/lib/
COLLECT_GCC_OPTIONS='--sysroot=/home/boron/Documents/agl-app/agl-sdk-custom-image/sysroots/corei7-64-agl-linux' '-march=corei7' '-mtune=corei7' '-mfpmath=sse' '-msse4.2' '-fstack-protector-strong' '-D' '_FORTIFY_SOURCE=2' '-Wformat=1' '-Wformat-security' '-Werror=format-security' '-O2' '-pipe' '-g' '-feliminate-unused-debug-types' '-fstack-protector-strong' '-v' '-rdynamic' '-o' 'cmTC_439f4' '-shared-libgcc'
 /home/boron/Documents/agl-app/agl-sdk-custom-image/sysroots/x86_64-aglsdk-linux/usr/libexec/x86_64-agl-linux/gcc/x86_64-agl-linux/9.3.0/collect2 -plugin /home/boron/Documents/agl-app/agl-sdk-custom-image/sysroots/x86_64-aglsdk-linux/usr/libexec/x86_64-agl-linux/gcc/x86_64-agl-linux/9.3.0/liblto_plugin.so -plugin-opt=/home/boron/Documents/agl-app/agl-sdk-custom-image/sysroots/x86_64-aglsdk-linux/usr/libexec/x86_64-agl-linux/gcc/x86_64-agl-linux/9.3.0/lto-wrapper -plugin-opt=-fresolution=/tmp/cckuaU28.res -plugin-opt=-pass-through=-lgcc_s -plugin-opt=-pass-through=-lgcc -plugin-opt=-pass-through=-lc -plugin-opt=-pass-through=-lgcc_s -plugin-opt=-pass-through=-lgcc --sysroot=/home/boron/Documents/agl-app/agl-sdk-custom-image/sysroots/corei7-64-agl-linux --build-id --eh-frame-hdr --hash-style=gnu -m elf_x86_64 -export-dynamic -dynamic-linker /lib/ld-linux-x86-64.so.2 -pie -o cmTC_439f4 /home/boron/Documents/agl-app/agl-sdk-custom-image/sysroots/corei7-64-agl-linux/usr/lib/../lib/Scrt1.o /home/boron/Documents/agl-app/agl-sdk-custom-image/sysroots/corei7-64-agl-linux/usr/lib/../lib/crti.o /home/boron/Documents/agl-app/agl-sdk-custom-image/sysroots/corei7-64-agl-linux/usr/lib/../lib/x86_64-agl-linux/9.3.0/crtbeginS.o -L/home/boron/Documents/agl-app/agl-sdk-custom-image/sysroots/x86_64-aglsdk-linux/usr/lib/x86_64-agl-linux/gcc/x86_64-agl-linux/9.3.0 -L/home/boron/Documents/agl-app/agl-sdk-custom-image/sysroots/corei7-64-agl-linux/lib/../lib -L/home/boron/Documents/agl-app/agl-sdk-custom-image/sysroots/corei7-64-agl-linux/usr/lib/../lib/x86_64-agl-linux/9.3.0 -L/home/boron/Documents/agl-app/agl-sdk-custom-image/sysroots/corei7-64-agl-linux/usr/lib/x86_64-agl-linux/9.3.0 -L/home/boron/Documents/agl-app/agl-sdk-custom-image/sysroots/corei7-64-agl-linux/usr/lib/../lib -L/home/boron/Documents/agl-app/agl-sdk-custom-image/sysroots/corei7-64-agl-linux/lib -L/home/boron/Documents/agl-app/agl-sdk-custom-image/sysroots/corei7-64-agl-linux/usr/lib -O1 --hash-style=gnu --as-needed -z relro -z now CMakeFiles/cmTC_439f4.dir/CMakeCXXCompilerABI.cpp.o -lstdc++ -lm -lgcc_s -lgcc -lc -lgcc_s -lgcc /home/boron/Documents/agl-app/agl-sdk-custom-image/sysroots/corei7-64-agl-linux/usr/lib/../lib/x86_64-agl-linux/9.3.0/crtendS.o /home/boron/Documents/agl-app/agl-sdk-custom-image/sysroots/corei7-64-agl-linux/usr/lib/../lib/crtn.o
COLLECT_GCC_OPTIONS='--sysroot=/home/boron/Documents/agl-app/agl-sdk-custom-image/sysroots/corei7-64-agl-linux' '-march=corei7' '-mtune=corei7' '-mfpmath=sse' '-msse4.2' '-fstack-protector-strong' '-D' '_FORTIFY_SOURCE=2' '-Wformat=1' '-Wformat-security' '-Werror=format-security' '-O2' '-pipe' '-g' '-feliminate-unused-debug-types' '-fstack-protector-strong' '-v' '-rdynamic' '-o' 'cmTC_439f4' '-shared-libgcc'
make[1]: Leaving directory '/home/boron/Documents/agl-app/agl-liq-build/build/CMakeFiles/CMakeTmp'



Parsed CXX implicit include dir info from above output: rv=done
  found start of include info
  found start of implicit include info
    add: [/home/boron/Documents/agl-app/agl-sdk-custom-image/sysroots/corei7-64-agl-linux/usr/include/c++/9.3.0]
    add: [/home/boron/Documents/agl-app/agl-sdk-custom-image/sysroots/corei7-64-agl-linux/usr/include/c++/9.3.0/x86_64-agl-linux]
    add: [/home/boron/Documents/agl-app/agl-sdk-custom-image/sysroots/corei7-64-agl-linux/usr/include/c++/9.3.0/backward]
    add: [/home/boron/Documents/agl-app/agl-sdk-custom-image/sysroots/x86_64-aglsdk-linux/usr/lib/x86_64-agl-linux/gcc/x86_64-agl-linux/9.3.0/include]
    add: [/home/boron/Documents/agl-app/agl-sdk-custom-image/sysroots/corei7-64-agl-linux/usr/lib/x86_64-agl-linux/9.3.0/include]
    add: [/home/boron/Documents/agl-app/agl-sdk-custom-image/sysroots/x86_64-aglsdk-linux/usr/lib/x86_64-agl-linux/gcc/x86_64-agl-linux/9.3.0/include-fixed]
    add: [/home/boron/Documents/agl-app/agl-sdk-custom-image/sysroots/corei7-64-agl-linux/usr/include/]
  end of search list found
  collapse include dir [/home/boron/Documents/agl-app/agl-sdk-custom-image/sysroots/corei7-64-agl-linux/usr/include/c++/9.3.0] ==> [/home/boron/Documents/agl-app/agl-sdk-custom-image/sysroots/corei7-64-agl-linux/usr/include/c++/9.3.0]
  collapse include dir [/home/boron/Documents/agl-app/agl-sdk-custom-image/sysroots/corei7-64-agl-linux/usr/include/c++/9.3.0/x86_64-agl-linux] ==> [/home/boron/Documents/agl-app/agl-sdk-custom-image/sysroots/corei7-64-agl-linux/usr/include/c++/9.3.0/x86_64-agl-linux]
  collapse include dir [/home/boron/Documents/agl-app/agl-sdk-custom-image/sysroots/corei7-64-agl-linux/usr/include/c++/9.3.0/backward] ==> [/home/boron/Documents/agl-app/agl-sdk-custom-image/sysroots/corei7-64-agl-linux/usr/include/c++/9.3.0/backward]
  collapse include dir [/home/boron/Documents/agl-app/agl-sdk-custom-image/sysroots/x86_64-aglsdk-linux/usr/lib/x86_64-agl-linux/gcc/x86_64-agl-linux/9.3.0/include] ==> [/home/boron/Documents/agl-app/agl-sdk-custom-image/sysroots/x86_64-aglsdk-linux/usr/lib/x86_64-agl-linux/gcc/x86_64-agl-linux/9.3.0/include]
  collapse include dir [/home/boron/Documents/agl-app/agl-sdk-custom-image/sysroots/corei7-64-agl-linux/usr/lib/x86_64-agl-linux/9.3.0/include] ==> [/home/boron/Documents/agl-app/agl-sdk-custom-image/sysroots/corei7-64-agl-linux/usr/lib/x86_64-agl-linux/9.3.0/include]
  collapse include dir [/home/boron/Documents/agl-app/agl-sdk-custom-image/sysroots/x86_64-aglsdk-linux/usr/lib/x86_64-agl-linux/gcc/x86_64-agl-linux/9.3.0/include-fixed] ==> [/home/boron/Documents/agl-app/agl-sdk-custom-image/sysroots/x86_64-aglsdk-linux/usr/lib/x86_64-agl-linux/gcc/x86_64-agl-linux/9.3.0/include-fixed]
  collapse include dir [/home/boron/Documents/agl-app/agl-sdk-custom-image/sysroots/corei7-64-agl-linux/usr/include/] ==> [/home/boron/Documents/agl-app/agl-sdk-custom-image/sysroots/corei7-64-agl-linux/usr/include]
  implicit include dirs: [/home/boron/Documents/agl-app/agl-sdk-custom-image/sysroots/corei7-64-agl-linux/usr/include/c++/9.3.0;/home/boron/Documents/agl-app/agl-sdk-custom-image/sysroots/corei7-64-agl-linux/usr/include/c++/9.3.0/x86_64-agl-linux;/home/boron/Documents/agl-app/agl-sdk-custom-image/sysroots/corei7-64-agl-linux/usr/include/c++/9.3.0/backward;/home/boron/Documents/agl-app/agl-sdk-custom-image/sysroots/x86_64-aglsdk-linux/usr/lib/x86_64-agl-linux/gcc/x86_64-agl-linux/9.3.0/include;/home/boron/Documents/agl-app/agl-sdk-custom-image/sysroots/corei7-64-agl-linux/usr/lib/x86_64-agl-linux/9.3.0/include;/home/boron/Documents/agl-app/agl-sdk-custom-image/sysroots/x86_64-aglsdk-linux/usr/lib/x86_64-agl-linux/gcc/x86_64-agl-linux/9.3.0/include-fixed;/home/boron/Documents/agl-app/agl-sdk-custom-image/sysroots/corei7-64-agl-linux/usr/include]


Parsed CXX implicit link information from above output:
  link line regex: [^( *|.*[/\])(x86_64-agl-linux-ld|CMAKE_LINK_STARTFILE-NOTFOUND|([^/\]+-)?ld|collect2)[^/\]*( |$)]
  ignore line: [Change Dir: /home/boron/Documents/agl-app/agl-liq-build/build/CMakeFiles/CMakeTmp]
  ignore line: []
  ignore line: [Run Build Command(s):/usr/bin/make cmTC_439f4/fast && /usr/bin/make -f CMakeFiles/cmTC_439f4.dir/build.make CMakeFiles/cmTC_439f4.dir/build]
  ignore line: [make[1]: Entering directory '/home/boron/Documents/agl-app/agl-liq-build/build/CMakeFiles/CMakeTmp']
  ignore line: [Building CXX object CMakeFiles/cmTC_439f4.dir/CMakeCXXCompilerABI.cpp.o]
  ignore line: [/home/boron/Documents/agl-app/agl-sdk-custom-image/sysroots/x86_64-aglsdk-linux/usr/bin/x86_64-agl-linux/x86_64-agl-linux-g++   -march=corei7 -mtune=corei7 -mfpmath=sse -msse4.2 -fstack-protector-strong  -D_FORTIFY_SOURCE=2 -Wformat -Wformat-security -Werror=format-security --sysroot=/home/boron/Documents/agl-app/agl-sdk-custom-image/sysroots/corei7-64-agl-linux --sysroot=/home/boron/Documents/agl-app/agl-sdk-custom-image/sysroots/corei7-64-agl-linux    -O2 -pipe -g -feliminate-unused-debug-types     -v -o CMakeFiles/cmTC_439f4.dir/CMakeCXXCompilerABI.cpp.o -c /home/boron/Documents/agl-app/agl-sdk-custom-image/sysroots/x86_64-aglsdk-linux/usr/share/cmake-3.16/Modules/CMakeCXXCompilerABI.cpp]
  ignore line: [Using built-in specs.]
  ignore line: [COLLECT_GCC=/home/boron/Documents/agl-app/agl-sdk-custom-image/sysroots/x86_64-aglsdk-linux/usr/bin/x86_64-agl-linux/x86_64-agl-linux-g++]
  ignore line: [Target: x86_64-agl-linux]
  ignore line: [Configured with: ../../../../../../work-shared/gcc-9.3.0-r0/gcc-9.3.0/configure --build=x86_64-linux --host=x86_64-aglsdk-linux --target=x86_64-agl-linux --prefix=/opt/agl-sdk/11.91.0+snapshot-corei7-64/sysroots/x86_64-aglsdk-linux/usr --exec_prefix=/opt/agl-sdk/11.91.0+snapshot-corei7-64/sysroots/x86_64-aglsdk-linux/usr --bindir=/opt/agl-sdk/11.91.0+snapshot-corei7-64/sysroots/x86_64-aglsdk-linux/usr/bin/x86_64-agl-linux --sbindir=/opt/agl-sdk/11.91.0+snapshot-corei7-64/sysroots/x86_64-aglsdk-linux/usr/bin/x86_64-agl-linux --libexecdir=/opt/agl-sdk/11.91.0+snapshot-corei7-64/sysroots/x86_64-aglsdk-linux/usr/libexec/x86_64-agl-linux --datadir=/opt/agl-sdk/11.91.0+snapshot-corei7-64/sysroots/x86_64-aglsdk-linux/usr/share --sysconfdir=/opt/agl-sdk/11.91.0+snapshot-corei7-64/sysroots/x86_64-aglsdk-linux/etc --sharedstatedir=/opt/agl-sdk/11.91.0+snapshot-corei7-64/sysroots/x86_64-aglsdk-linux/com --localstatedir=/opt/agl-sdk/11.91.0+snapshot-corei7-64/sysroots/x86_64-aglsdk-linux/var --libdir=/opt/agl-sdk/11.91.0+snapshot-corei7-64/sysroots/x86_64-aglsdk-linux/usr/lib/x86_64-agl-linux --includedir=/opt/agl-sdk/11.91.0+snapshot-corei7-64/sysroots/x86_64-aglsdk-linux/usr/include --oldincludedir=/opt/agl-sdk/11.91.0+snapshot-corei7-64/sysroots/x86_64-aglsdk-linux/usr/include --infodir=/opt/agl-sdk/11.91.0+snapshot-corei7-64/sysroots/x86_64-aglsdk-linux/usr/share/info --mandir=/opt/agl-sdk/11.91.0+snapshot-corei7-64/sysroots/x86_64-aglsdk-linux/usr/share/man --disable-silent-rules --disable-dependency-tracking --with-libtool-sysroot=/home/boron/AGL/master/new-build-x86-meta-ros-weston-agl-ros2-ydlidar-qt/tmp/work/x86_64-nativesdk-aglsdk-linux/gcc-cross-canadian-x86-64/9.3.0-r0/recipe-sysroot --with-gnu-ld --enable-shared --enable-languages=c,c++,fortran --enable-threads=posix --enable-multilib --enable-default-pie --enable-c99 --enable-long-long --enable-symvers=gnu --enable-libstdcxx-pch --program-prefix=x86_64-agl-linux- --without-local-prefix --disable-install-libiberty --enable-lto --disable-libssp --enable-libitm --disable-bootstrap --disable-libmudflap --with-system-zlib --with-linker-hash-style=gnu --enable-linker-build-id --with-ppl=no --with-cloog=no --enable-checking=release --enable-cheaders=c_global --without-isl --with-gxx-include-dir=/not/exist/usr/include/c++/9.3.0 --with-build-time-tools=/home/boron/AGL/master/new-build-x86-meta-ros-weston-agl-ros2-ydlidar-qt/tmp/work/x86_64-nativesdk-aglsdk-linux/gcc-cross-canadian-x86-64/9.3.0-r0/recipe-sysroot-native/usr/x86_64-agl-linux/bin --with-sysroot=/not/exist --with-build-sysroot=/home/boron/AGL/master/new-build-x86-meta-ros-weston-agl-ros2-ydlidar-qt/tmp/work/x86_64-nativesdk-aglsdk-linux/gcc-cross-canadian-x86-64/9.3.0-r0/recipe-sysroot --enable-poison-system-directories --disable-static --enable-nls --with-glibc-version=2.28 --enable-initfini-array --enable-__cxa_atexit]
  ignore line: [Thread model: posix]
  ignore line: [gcc version 9.3.0 (GCC) ]
  ignore line: [COLLECT_GCC_OPTIONS='--sysroot=/home/boron/Documents/agl-app/agl-sdk-custom-image/sysroots/corei7-64-agl-linux' '-march=corei7' '-mtune=corei7' '-mfpmath=sse' '-msse4.2' '-fstack-protector-strong' '-D' '_FORTIFY_SOURCE=2' '-Wformat=1' '-Wformat-security' '-Werror=format-security' '-O2' '-pipe' '-g' '-feliminate-unused-debug-types' '-v' '-o' 'CMakeFiles/cmTC_439f4.dir/CMakeCXXCompilerABI.cpp.o' '-c' '-shared-libgcc']
  ignore line: [ /home/boron/Documents/agl-app/agl-sdk-custom-image/sysroots/x86_64-aglsdk-linux/usr/libexec/x86_64-agl-linux/gcc/x86_64-agl-linux/9.3.0/cc1plus -quiet -v -isysroot /home/boron/Documents/agl-app/agl-sdk-custom-image/sysroots/corei7-64-agl-linux -D_GNU_SOURCE -D _FORTIFY_SOURCE=2 /home/boron/Documents/agl-app/agl-sdk-custom-image/sysroots/x86_64-aglsdk-linux/usr/share/cmake-3.16/Modules/CMakeCXXCompilerABI.cpp -quiet -dumpbase CMakeCXXCompilerABI.cpp -march=corei7 -mtune=corei7 -mfpmath=sse -msse4.2 -auxbase-strip CMakeFiles/cmTC_439f4.dir/CMakeCXXCompilerABI.cpp.o -g -O2 -Wformat=1 -Wformat-security -Werror=format-security -version -fstack-protector-strong -feliminate-unused-debug-types -o - |]
  ignore line: [ /home/boron/Documents/agl-app/agl-sdk-custom-image/sysroots/x86_64-aglsdk-linux/usr/libexec/x86_64-agl-linux/gcc/x86_64-agl-linux/9.3.0/as -v --64 -o CMakeFiles/cmTC_439f4.dir/CMakeCXXCompilerABI.cpp.o]
  ignore line: [GNU assembler version 2.34.0 (x86_64-agl-linux) using BFD version (GNU Binutils) 2.34.0.20200220]
  ignore line: [GNU C++14 (GCC) version 9.3.0 (x86_64-agl-linux)]
  ignore line: [	compiled by GNU C version 9.3.0  GMP version 6.2.0  MPFR version 4.0.2  MPC version 1.1.0  isl version none]
  ignore line: [GGC heuristics: --param ggc-min-expand=100 --param ggc-min-heapsize=131072]
  ignore line: [ignoring nonexistent directory "/home/boron/Documents/agl-app/agl-sdk-custom-image/sysroots/corei7-64-agl-linux/usr/local/include"]
  ignore line: [ignoring nonexistent directory "/home/boron/Documents/agl-app/agl-sdk-custom-image/sysroots/x86_64-aglsdk-linux/usr/lib/x86_64-agl-linux/gcc/x86_64-agl-linux/9.3.0/../../../../../x86_64-agl-linux/include"]
  ignore line: [#include "..." search starts here:]
  ignore line: [#include <...> search starts here:]
  ignore line: [ /home/boron/Documents/agl-app/agl-sdk-custom-image/sysroots/corei7-64-agl-linux/usr/include/c++/9.3.0]
  ignore line: [ /home/boron/Documents/agl-app/agl-sdk-custom-image/sysroots/corei7-64-agl-linux/usr/include/c++/9.3.0/x86_64-agl-linux]
  ignore line: [ /home/boron/Documents/agl-app/agl-sdk-custom-image/sysroots/corei7-64-agl-linux/usr/include/c++/9.3.0/backward]
  ignore line: [ /home/boron/Documents/agl-app/agl-sdk-custom-image/sysroots/x86_64-aglsdk-linux/usr/lib/x86_64-agl-linux/gcc/x86_64-agl-linux/9.3.0/include]
  ignore line: [ /home/boron/Documents/agl-app/agl-sdk-custom-image/sysroots/corei7-64-agl-linux/usr/lib/x86_64-agl-linux/9.3.0/include]
  ignore line: [ /home/boron/Documents/agl-app/agl-sdk-custom-image/sysroots/x86_64-aglsdk-linux/usr/lib/x86_64-agl-linux/gcc/x86_64-agl-linux/9.3.0/include-fixed]
  ignore line: [ /home/boron/Documents/agl-app/agl-sdk-custom-image/sysroots/corei7-64-agl-linux/usr/include/]
  ignore line: [End of search list.]
  ignore line: [GNU C++14 (GCC) version 9.3.0 (x86_64-agl-linux)]
  ignore line: [	compiled by GNU C version 9.3.0  GMP version 6.2.0  MPFR version 4.0.2  MPC version 1.1.0  isl version none]
  ignore line: [GGC heuristics: --param ggc-min-expand=100 --param ggc-min-heapsize=131072]
  ignore line: [Compiler executable checksum: b6b25a3f4f11477078abd74dd03eb7c1]
  ignore line: [COMPILER_PATH=/home/boron/Documents/agl-app/agl-sdk-custom-image/sysroots/x86_64-aglsdk-linux/usr/libexec/x86_64-agl-linux/gcc/x86_64-agl-linux/9.3.0/:/home/boron/Documents/agl-app/agl-sdk-custom-image/sysroots/x86_64-aglsdk-linux/usr/libexec/x86_64-agl-linux/gcc/x86_64-agl-linux/9.3.0/:/home/boron/Documents/agl-app/agl-sdk-custom-image/sysroots/x86_64-aglsdk-linux/usr/libexec/x86_64-agl-linux/gcc/x86_64-agl-linux/:/home/boron/Documents/agl-app/agl-sdk-custom-image/sysroots/x86_64-aglsdk-linux/usr/lib/x86_64-agl-linux/gcc/x86_64-agl-linux/9.3.0/:/home/boron/Documents/agl-app/agl-sdk-custom-image/sysroots/x86_64-aglsdk-linux/usr/lib/x86_64-agl-linux/gcc/x86_64-agl-linux/]
  ignore line: [LIBRARY_PATH=/home/boron/Documents/agl-app/agl-sdk-custom-image/sysroots/x86_64-aglsdk-linux/usr/lib/x86_64-agl-linux/gcc/x86_64-agl-linux/9.3.0/:/home/boron/Documents/agl-app/agl-sdk-custom-image/sysroots/corei7-64-agl-linux/lib/../lib/:/home/boron/Documents/agl-app/agl-sdk-custom-image/sysroots/corei7-64-agl-linux/usr/lib/../lib/x86_64-agl-linux/9.3.0/:/home/boron/Documents/agl-app/agl-sdk-custom-image/sysroots/corei7-64-agl-linux/usr/lib/x86_64-agl-linux/9.3.0/:/home/boron/Documents/agl-app/agl-sdk-custom-image/sysroots/corei7-64-agl-linux/usr/lib/../lib/:/home/boron/Documents/agl-app/agl-sdk-custom-image/sysroots/corei7-64-agl-linux/lib/:/home/boron/Documents/agl-app/agl-sdk-custom-image/sysroots/corei7-64-agl-linux/usr/lib/]
  ignore line: [COLLECT_GCC_OPTIONS='--sysroot=/home/boron/Documents/agl-app/agl-sdk-custom-image/sysroots/corei7-64-agl-linux' '-march=corei7' '-mtune=corei7' '-mfpmath=sse' '-msse4.2' '-fstack-protector-strong' '-D' '_FORTIFY_SOURCE=2' '-Wformat=1' '-Wformat-security' '-Werror=format-security' '-O2' '-pipe' '-g' '-feliminate-unused-debug-types' '-v' '-o' 'CMakeFiles/cmTC_439f4.dir/CMakeCXXCompilerABI.cpp.o' '-c' '-shared-libgcc']
  ignore line: [Linking CXX executable cmTC_439f4]
  ignore line: [/home/boron/Documents/agl-app/agl-sdk-custom-image/sysroots/x86_64-aglsdk-linux/usr/bin/cmake -E cmake_link_script CMakeFiles/cmTC_439f4.dir/link.txt --verbose=1]
  ignore line: [/home/boron/Documents/agl-app/agl-sdk-custom-image/sysroots/x86_64-aglsdk-linux/usr/bin/x86_64-agl-linux/x86_64-agl-linux-g++   -march=corei7 -mtune=corei7 -mfpmath=sse -msse4.2 -fstack-protector-strong  -D_FORTIFY_SOURCE=2 -Wformat -Wformat-security -Werror=format-security --sysroot=/home/boron/Documents/agl-app/agl-sdk-custom-image/sysroots/corei7-64-agl-linux --sysroot=/home/boron/Documents/agl-app/agl-sdk-custom-image/sysroots/corei7-64-agl-linux   -O2 -pipe -g -feliminate-unused-debug-types    -Wl -O1 -Wl --hash-style=gnu -Wl --as-needed -fstack-protector-strong -Wl -z relro -z now -v -rdynamic CMakeFiles/cmTC_439f4.dir/CMakeCXXCompilerABI.cpp.o  -o cmTC_439f4 ]
  ignore line: [Using built-in specs.]
  ignore line: [COLLECT_GCC=/home/boron/Documents/agl-app/agl-sdk-custom-image/sysroots/x86_64-aglsdk-linux/usr/bin/x86_64-agl-linux/x86_64-agl-linux-g++]
  ignore line: [COLLECT_LTO_WRAPPER=/home/boron/Documents/agl-app/agl-sdk-custom-image/sysroots/x86_64-aglsdk-linux/usr/libexec/x86_64-agl-linux/gcc/x86_64-agl-linux/9.3.0/lto-wrapper]
  ignore line: [Target: x86_64-agl-linux]
  ignore line: [Configured with: ../../../../../../work-shared/gcc-9.3.0-r0/gcc-9.3.0/configure --build=x86_64-linux --host=x86_64-aglsdk-linux --target=x86_64-agl-linux --prefix=/opt/agl-sdk/11.91.0+snapshot-corei7-64/sysroots/x86_64-aglsdk-linux/usr --exec_prefix=/opt/agl-sdk/11.91.0+snapshot-corei7-64/sysroots/x86_64-aglsdk-linux/usr --bindir=/opt/agl-sdk/11.91.0+snapshot-corei7-64/sysroots/x86_64-aglsdk-linux/usr/bin/x86_64-agl-linux --sbindir=/opt/agl-sdk/11.91.0+snapshot-corei7-64/sysroots/x86_64-aglsdk-linux/usr/bin/x86_64-agl-linux --libexecdir=/opt/agl-sdk/11.91.0+snapshot-corei7-64/sysroots/x86_64-aglsdk-linux/usr/libexec/x86_64-agl-linux --datadir=/opt/agl-sdk/11.91.0+snapshot-corei7-64/sysroots/x86_64-aglsdk-linux/usr/share --sysconfdir=/opt/agl-sdk/11.91.0+snapshot-corei7-64/sysroots/x86_64-aglsdk-linux/etc --sharedstatedir=/opt/agl-sdk/11.91.0+snapshot-corei7-64/sysroots/x86_64-aglsdk-linux/com --localstatedir=/opt/agl-sdk/11.91.0+snapshot-corei7-64/sysroots/x86_64-aglsdk-linux/var --libdir=/opt/agl-sdk/11.91.0+snapshot-corei7-64/sysroots/x86_64-aglsdk-linux/usr/lib/x86_64-agl-linux --includedir=/opt/agl-sdk/11.91.0+snapshot-corei7-64/sysroots/x86_64-aglsdk-linux/usr/include --oldincludedir=/opt/agl-sdk/11.91.0+snapshot-corei7-64/sysroots/x86_64-aglsdk-linux/usr/include --infodir=/opt/agl-sdk/11.91.0+snapshot-corei7-64/sysroots/x86_64-aglsdk-linux/usr/share/info --mandir=/opt/agl-sdk/11.91.0+snapshot-corei7-64/sysroots/x86_64-aglsdk-linux/usr/share/man --disable-silent-rules --disable-dependency-tracking --with-libtool-sysroot=/home/boron/AGL/master/new-build-x86-meta-ros-weston-agl-ros2-ydlidar-qt/tmp/work/x86_64-nativesdk-aglsdk-linux/gcc-cross-canadian-x86-64/9.3.0-r0/recipe-sysroot --with-gnu-ld --enable-shared --enable-languages=c,c++,fortran --enable-threads=posix --enable-multilib --enable-default-pie --enable-c99 --enable-long-long --enable-symvers=gnu --enable-libstdcxx-pch --program-prefix=x86_64-agl-linux- --without-local-prefix --disable-install-libiberty --enable-lto --disable-libssp --enable-libitm --disable-bootstrap --disable-libmudflap --with-system-zlib --with-linker-hash-style=gnu --enable-linker-build-id --with-ppl=no --with-cloog=no --enable-checking=release --enable-cheaders=c_global --without-isl --with-gxx-include-dir=/not/exist/usr/include/c++/9.3.0 --with-build-time-tools=/home/boron/AGL/master/new-build-x86-meta-ros-weston-agl-ros2-ydlidar-qt/tmp/work/x86_64-nativesdk-aglsdk-linux/gcc-cross-canadian-x86-64/9.3.0-r0/recipe-sysroot-native/usr/x86_64-agl-linux/bin --with-sysroot=/not/exist --with-build-sysroot=/home/boron/AGL/master/new-build-x86-meta-ros-weston-agl-ros2-ydlidar-qt/tmp/work/x86_64-nativesdk-aglsdk-linux/gcc-cross-canadian-x86-64/9.3.0-r0/recipe-sysroot --enable-poison-system-directories --disable-static --enable-nls --with-glibc-version=2.28 --enable-initfini-array --enable-__cxa_atexit]
  ignore line: [Thread model: posix]
  ignore line: [gcc version 9.3.0 (GCC) ]
  ignore line: [COMPILER_PATH=/home/boron/Documents/agl-app/agl-sdk-custom-image/sysroots/x86_64-aglsdk-linux/usr/libexec/x86_64-agl-linux/gcc/x86_64-agl-linux/9.3.0/:/home/boron/Documents/agl-app/agl-sdk-custom-image/sysroots/x86_64-aglsdk-linux/usr/libexec/x86_64-agl-linux/gcc/x86_64-agl-linux/9.3.0/:/home/boron/Documents/agl-app/agl-sdk-custom-image/sysroots/x86_64-aglsdk-linux/usr/libexec/x86_64-agl-linux/gcc/x86_64-agl-linux/:/home/boron/Documents/agl-app/agl-sdk-custom-image/sysroots/x86_64-aglsdk-linux/usr/lib/x86_64-agl-linux/gcc/x86_64-agl-linux/9.3.0/:/home/boron/Documents/agl-app/agl-sdk-custom-image/sysroots/x86_64-aglsdk-linux/usr/lib/x86_64-agl-linux/gcc/x86_64-agl-linux/]
  ignore line: [LIBRARY_PATH=/home/boron/Documents/agl-app/agl-sdk-custom-image/sysroots/x86_64-aglsdk-linux/usr/lib/x86_64-agl-linux/gcc/x86_64-agl-linux/9.3.0/:/home/boron/Documents/agl-app/agl-sdk-custom-image/sysroots/corei7-64-agl-linux/lib/../lib/:/home/boron/Documents/agl-app/agl-sdk-custom-image/sysroots/corei7-64-agl-linux/usr/lib/../lib/x86_64-agl-linux/9.3.0/:/home/boron/Documents/agl-app/agl-sdk-custom-image/sysroots/corei7-64-agl-linux/usr/lib/x86_64-agl-linux/9.3.0/:/home/boron/Documents/agl-app/agl-sdk-custom-image/sysroots/corei7-64-agl-linux/usr/lib/../lib/:/home/boron/Documents/agl-app/agl-sdk-custom-image/sysroots/corei7-64-agl-linux/lib/:/home/boron/Documents/agl-app/agl-sdk-custom-image/sysroots/corei7-64-agl-linux/usr/lib/]
  ignore line: [COLLECT_GCC_OPTIONS='--sysroot=/home/boron/Documents/agl-app/agl-sdk-custom-image/sysroots/corei7-64-agl-linux' '-march=corei7' '-mtune=corei7' '-mfpmath=sse' '-msse4.2' '-fstack-protector-strong' '-D' '_FORTIFY_SOURCE=2' '-Wformat=1' '-Wformat-security' '-Werror=format-security' '-O2' '-pipe' '-g' '-feliminate-unused-debug-types' '-fstack-protector-strong' '-v' '-rdynamic' '-o' 'cmTC_439f4' '-shared-libgcc']
  link line: [ /home/boron/Documents/agl-app/agl-sdk-custom-image/sysroots/x86_64-aglsdk-linux/usr/libexec/x86_64-agl-linux/gcc/x86_64-agl-linux/9.3.0/collect2 -plugin /home/boron/Documents/agl-app/agl-sdk-custom-image/sysroots/x86_64-aglsdk-linux/usr/libexec/x86_64-agl-linux/gcc/x86_64-agl-linux/9.3.0/liblto_plugin.so -plugin-opt=/home/boron/Documents/agl-app/agl-sdk-custom-image/sysroots/x86_64-aglsdk-linux/usr/libexec/x86_64-agl-linux/gcc/x86_64-agl-linux/9.3.0/lto-wrapper -plugin-opt=-fresolution=/tmp/cckuaU28.res -plugin-opt=-pass-through=-lgcc_s -plugin-opt=-pass-through=-lgcc -plugin-opt=-pass-through=-lc -plugin-opt=-pass-through=-lgcc_s -plugin-opt=-pass-through=-lgcc --sysroot=/home/boron/Documents/agl-app/agl-sdk-custom-image/sysroots/corei7-64-agl-linux --build-id --eh-frame-hdr --hash-style=gnu -m elf_x86_64 -export-dynamic -dynamic-linker /lib/ld-linux-x86-64.so.2 -pie -o cmTC_439f4 /home/boron/Documents/agl-app/agl-sdk-custom-image/sysroots/corei7-64-agl-linux/usr/lib/../lib/Scrt1.o /home/boron/Documents/agl-app/agl-sdk-custom-image/sysroots/corei7-64-agl-linux/usr/lib/../lib/crti.o /home/boron/Documents/agl-app/agl-sdk-custom-image/sysroots/corei7-64-agl-linux/usr/lib/../lib/x86_64-agl-linux/9.3.0/crtbeginS.o -L/home/boron/Documents/agl-app/agl-sdk-custom-image/sysroots/x86_64-aglsdk-linux/usr/lib/x86_64-agl-linux/gcc/x86_64-agl-linux/9.3.0 -L/home/boron/Documents/agl-app/agl-sdk-custom-image/sysroots/corei7-64-agl-linux/lib/../lib -L/home/boron/Documents/agl-app/agl-sdk-custom-image/sysroots/corei7-64-agl-linux/usr/lib/../lib/x86_64-agl-linux/9.3.0 -L/home/boron/Documents/agl-app/agl-sdk-custom-image/sysroots/corei7-64-agl-linux/usr/lib/x86_64-agl-linux/9.3.0 -L/home/boron/Documents/agl-app/agl-sdk-custom-image/sysroots/corei7-64-agl-linux/usr/lib/../lib -L/home/boron/Documents/agl-app/agl-sdk-custom-image/sysroots/corei7-64-agl-linux/lib -L/home/boron/Documents/agl-app/agl-sdk-custom-image/sysroots/corei7-64-agl-linux/usr/lib -O1 --hash-style=gnu --as-needed -z relro -z now CMakeFiles/cmTC_439f4.dir/CMakeCXXCompilerABI.cpp.o -lstdc++ -lm -lgcc_s -lgcc -lc -lgcc_s -lgcc /home/boron/Documents/agl-app/agl-sdk-custom-image/sysroots/corei7-64-agl-linux/usr/lib/../lib/x86_64-agl-linux/9.3.0/crtendS.o /home/boron/Documents/agl-app/agl-sdk-custom-image/sysroots/corei7-64-agl-linux/usr/lib/../lib/crtn.o]
    arg [/home/boron/Documents/agl-app/agl-sdk-custom-image/sysroots/x86_64-aglsdk-linux/usr/libexec/x86_64-agl-linux/gcc/x86_64-agl-linux/9.3.0/collect2] ==> ignore
    arg [-plugin] ==> ignore
    arg [/home/boron/Documents/agl-app/agl-sdk-custom-image/sysroots/x86_64-aglsdk-linux/usr/libexec/x86_64-agl-linux/gcc/x86_64-agl-linux/9.3.0/liblto_plugin.so] ==> ignore
    arg [-plugin-opt=/home/boron/Documents/agl-app/agl-sdk-custom-image/sysroots/x86_64-aglsdk-linux/usr/libexec/x86_64-agl-linux/gcc/x86_64-agl-linux/9.3.0/lto-wrapper] ==> ignore
    arg [-plugin-opt=-fresolution=/tmp/cckuaU28.res] ==> ignore
    arg [-plugin-opt=-pass-through=-lgcc_s] ==> ignore
    arg [-plugin-opt=-pass-through=-lgcc] ==> ignore
    arg [-plugin-opt=-pass-through=-lc] ==> ignore
    arg [-plugin-opt=-pass-through=-lgcc_s] ==> ignore
    arg [-plugin-opt=-pass-through=-lgcc] ==> ignore
    arg [--sysroot=/home/boron/Documents/agl-app/agl-sdk-custom-image/sysroots/corei7-64-agl-linux] ==> ignore
    arg [--build-id] ==> ignore
    arg [--eh-frame-hdr] ==> ignore
    arg [--hash-style=gnu] ==> ignore
    arg [-m] ==> ignore
    arg [elf_x86_64] ==> ignore
    arg [-export-dynamic] ==> ignore
    arg [-dynamic-linker] ==> ignore
    arg [/lib/ld-linux-x86-64.so.2] ==> ignore
    arg [-pie] ==> ignore
    arg [-o] ==> ignore
    arg [cmTC_439f4] ==> ignore
    arg [/home/boron/Documents/agl-app/agl-sdk-custom-image/sysroots/corei7-64-agl-linux/usr/lib/../lib/Scrt1.o] ==> ignore
    arg [/home/boron/Documents/agl-app/agl-sdk-custom-image/sysroots/corei7-64-agl-linux/usr/lib/../lib/crti.o] ==> ignore
    arg [/home/boron/Documents/agl-app/agl-sdk-custom-image/sysroots/corei7-64-agl-linux/usr/lib/../lib/x86_64-agl-linux/9.3.0/crtbeginS.o] ==> ignore
    arg [-L/home/boron/Documents/agl-app/agl-sdk-custom-image/sysroots/x86_64-aglsdk-linux/usr/lib/x86_64-agl-linux/gcc/x86_64-agl-linux/9.3.0] ==> dir [/home/boron/Documents/agl-app/agl-sdk-custom-image/sysroots/x86_64-aglsdk-linux/usr/lib/x86_64-agl-linux/gcc/x86_64-agl-linux/9.3.0]
    arg [-L/home/boron/Documents/agl-app/agl-sdk-custom-image/sysroots/corei7-64-agl-linux/lib/../lib] ==> dir [/home/boron/Documents/agl-app/agl-sdk-custom-image/sysroots/corei7-64-agl-linux/lib/../lib]
    arg [-L/home/boron/Documents/agl-app/agl-sdk-custom-image/sysroots/corei7-64-agl-linux/usr/lib/../lib/x86_64-agl-linux/9.3.0] ==> dir [/home/boron/Documents/agl-app/agl-sdk-custom-image/sysroots/corei7-64-agl-linux/usr/lib/../lib/x86_64-agl-linux/9.3.0]
    arg [-L/home/boron/Documents/agl-app/agl-sdk-custom-image/sysroots/corei7-64-agl-linux/usr/lib/x86_64-agl-linux/9.3.0] ==> dir [/home/boron/Documents/agl-app/agl-sdk-custom-image/sysroots/corei7-64-agl-linux/usr/lib/x86_64-agl-linux/9.3.0]
    arg [-L/home/boron/Documents/agl-app/agl-sdk-custom-image/sysroots/corei7-64-agl-linux/usr/lib/../lib] ==> dir [/home/boron/Documents/agl-app/agl-sdk-custom-image/sysroots/corei7-64-agl-linux/usr/lib/../lib]
    arg [-L/home/boron/Documents/agl-app/agl-sdk-custom-image/sysroots/corei7-64-agl-linux/lib] ==> dir [/home/boron/Documents/agl-app/agl-sdk-custom-image/sysroots/corei7-64-agl-linux/lib]
    arg [-L/home/boron/Documents/agl-app/agl-sdk-custom-image/sysroots/corei7-64-agl-linux/usr/lib] ==> dir [/home/boron/Documents/agl-app/agl-sdk-custom-image/sysroots/corei7-64-agl-linux/usr/lib]
    arg [-O1] ==> ignore
    arg [--hash-style=gnu] ==> ignore
    arg [--as-needed] ==> ignore
    arg [-zrelro] ==> ignore
    arg [-znow] ==> ignore
    arg [CMakeFiles/cmTC_439f4.dir/CMakeCXXCompilerABI.cpp.o] ==> ignore
    arg [-lstdc++] ==> lib [stdc++]
    arg [-lm] ==> lib [m]
    arg [-lgcc_s] ==> lib [gcc_s]
    arg [-lgcc] ==> lib [gcc]
    arg [-lc] ==> lib [c]
    arg [-lgcc_s] ==> lib [gcc_s]
    arg [-lgcc] ==> lib [gcc]
    arg [/home/boron/Documents/agl-app/agl-sdk-custom-image/sysroots/corei7-64-agl-linux/usr/lib/../lib/x86_64-agl-linux/9.3.0/crtendS.o] ==> ignore
    arg [/home/boron/Documents/agl-app/agl-sdk-custom-image/sysroots/corei7-64-agl-linux/usr/lib/../lib/crtn.o] ==> ignore
  collapse library dir [/home/boron/Documents/agl-app/agl-sdk-custom-image/sysroots/x86_64-aglsdk-linux/usr/lib/x86_64-agl-linux/gcc/x86_64-agl-linux/9.3.0] ==> [/home/boron/Documents/agl-app/agl-sdk-custom-image/sysroots/x86_64-aglsdk-linux/usr/lib/x86_64-agl-linux/gcc/x86_64-agl-linux/9.3.0]
  collapse library dir [/home/boron/Documents/agl-app/agl-sdk-custom-image/sysroots/corei7-64-agl-linux/lib/../lib] ==> [/home/boron/Documents/agl-app/agl-sdk-custom-image/sysroots/corei7-64-agl-linux/lib]
  collapse library dir [/home/boron/Documents/agl-app/agl-sdk-custom-image/sysroots/corei7-64-agl-linux/usr/lib/../lib/x86_64-agl-linux/9.3.0] ==> [/home/boron/Documents/agl-app/agl-sdk-custom-image/sysroots/corei7-64-agl-linux/usr/lib/x86_64-agl-linux/9.3.0]
  collapse library dir [/home/boron/Documents/agl-app/agl-sdk-custom-image/sysroots/corei7-64-agl-linux/usr/lib/x86_64-agl-linux/9.3.0] ==> [/home/boron/Documents/agl-app/agl-sdk-custom-image/sysroots/corei7-64-agl-linux/usr/lib/x86_64-agl-linux/9.3.0]
  collapse library dir [/home/boron/Documents/agl-app/agl-sdk-custom-image/sysroots/corei7-64-agl-linux/usr/lib/../lib] ==> [/home/boron/Documents/agl-app/agl-sdk-custom-image/sysroots/corei7-64-agl-linux/usr/lib]
  collapse library dir [/home/boron/Documents/agl-app/agl-sdk-custom-image/sysroots/corei7-64-agl-linux/lib] ==> [/home/boron/Documents/agl-app/agl-sdk-custom-image/sysroots/corei7-64-agl-linux/lib]
  collapse library dir [/home/boron/Documents/agl-app/agl-sdk-custom-image/sysroots/corei7-64-agl-linux/usr/lib] ==> [/home/boron/Documents/agl-app/agl-sdk-custom-image/sysroots/corei7-64-agl-linux/usr/lib]
  implicit libs: [stdc++;m;gcc_s;gcc;c;gcc_s;gcc]
  implicit dirs: [/home/boron/Documents/agl-app/agl-sdk-custom-image/sysroots/x86_64-aglsdk-linux/usr/lib/x86_64-agl-linux/gcc/x86_64-agl-linux/9.3.0;/home/boron/Documents/agl-app/agl-sdk-custom-image/sysroots/corei7-64-agl-linux/lib;/home/boron/Documents/agl-app/agl-sdk-custom-image/sysroots/corei7-64-agl-linux/usr/lib/x86_64-agl-linux/9.3.0;/home/boron/Documents/agl-app/agl-sdk-custom-image/sysroots/corei7-64-agl-linux/usr/lib]
  implicit fwks: []


